{"C:\\Users\\SUMAN M\\Desktop\\battlecode\\bots\\nav.js":{"path":"C:\\Users\\SUMAN M\\Desktop\\battlecode\\bots\\nav.js","statementMap":{"0":{"start":{"line":3,"column":0},"end":{"line":5,"column":3}},"1":{"start":{"line":6,"column":0},"end":{"line":6,"column":25}},"2":{"start":{"line":7,"column":10},"end":{"line":7,"column":12}},"3":{"start":{"line":8,"column":0},"end":{"line":8,"column":70}},"4":{"start":{"line":9,"column":0},"end":{"line":9,"column":61}},"5":{"start":{"line":10,"column":0},"end":{"line":19,"column":2}},"6":{"start":{"line":20,"column":0},"end":{"line":53,"column":2}},"7":{"start":{"line":54,"column":0},"end":{"line":78,"column":3}},"8":{"start":{"line":79,"column":0},"end":{"line":79,"column":41}},"9":{"start":{"line":81,"column":0},"end":{"line":87,"column":2}},"10":{"start":{"line":82,"column":2},"end":{"line":84,"column":3}},"11":{"start":{"line":83,"column":4},"end":{"line":83,"column":42}},"12":{"start":{"line":86,"column":2},"end":{"line":86,"column":43}},"13":{"start":{"line":89,"column":0},"end":{"line":91,"column":2}},"14":{"start":{"line":90,"column":2},"end":{"line":90,"column":38}},"15":{"start":{"line":93,"column":0},"end":{"line":98,"column":2}},"16":{"start":{"line":94,"column":19},"end":{"line":94,"column":40}},"17":{"start":{"line":95,"column":25},"end":{"line":95,"column":125}},"18":{"start":{"line":97,"column":2},"end":{"line":97,"column":47}},"19":{"start":{"line":100,"column":0},"end":{"line":112,"column":2}},"20":{"start":{"line":101,"column":17},"end":{"line":105,"column":3}},"21":{"start":{"line":106,"column":17},"end":{"line":110,"column":3}},"22":{"start":{"line":111,"column":2},"end":{"line":111,"column":54}},"23":{"start":{"line":114,"column":0},"end":{"line":126,"column":2}},"24":{"start":{"line":116,"column":15},"end":{"line":116,"column":30}},"25":{"start":{"line":117,"column":18},"end":{"line":117,"column":22}},"26":{"start":{"line":119,"column":2},"end":{"line":123,"column":3}},"27":{"start":{"line":119,"column":15},"end":{"line":119,"column":16}},"28":{"start":{"line":120,"column":4},"end":{"line":122,"column":5}},"29":{"start":{"line":120,"column":17},"end":{"line":120,"column":18}},"30":{"start":{"line":121,"column":6},"end":{"line":121,"column":65}},"31":{"start":{"line":125,"column":2},"end":{"line":125,"column":19}},"32":{"start":{"line":128,"column":0},"end":{"line":147,"column":2}},"33":{"start":{"line":129,"column":15},"end":{"line":132,"column":3}},"34":{"start":{"line":134,"column":2},"end":{"line":138,"column":3}},"35":{"start":{"line":135,"column":4},"end":{"line":135,"column":18}},"36":{"start":{"line":136,"column":9},"end":{"line":138,"column":3}},"37":{"start":{"line":137,"column":4},"end":{"line":137,"column":17}},"38":{"start":{"line":140,"column":2},"end":{"line":144,"column":3}},"39":{"start":{"line":141,"column":4},"end":{"line":141,"column":18}},"40":{"start":{"line":142,"column":9},"end":{"line":144,"column":3}},"41":{"start":{"line":143,"column":4},"end":{"line":143,"column":17}},"42":{"start":{"line":146,"column":2},"end":{"line":146,"column":16}},"43":{"start":{"line":149,"column":0},"end":{"line":163,"column":2}},"44":{"start":{"line":150,"column":10},"end":{"line":150,"column":15}},"45":{"start":{"line":151,"column":10},"end":{"line":151,"column":15}},"46":{"start":{"line":152,"column":15},"end":{"line":152,"column":29}},"47":{"start":{"line":154,"column":2},"end":{"line":162,"column":3}},"48":{"start":{"line":155,"column":4},"end":{"line":155,"column":17}},"49":{"start":{"line":156,"column":9},"end":{"line":162,"column":3}},"50":{"start":{"line":157,"column":4},"end":{"line":157,"column":17}},"51":{"start":{"line":158,"column":9},"end":{"line":162,"column":3}},"52":{"start":{"line":159,"column":4},"end":{"line":159,"column":17}},"53":{"start":{"line":161,"column":4},"end":{"line":161,"column":16}},"54":{"start":{"line":165,"column":0},"end":{"line":170,"column":2}},"55":{"start":{"line":166,"column":2},"end":{"line":169,"column":4}},"56":{"start":{"line":172,"column":0},"end":{"line":188,"column":2}},"57":{"start":{"line":173,"column":16},"end":{"line":173,"column":48}},"58":{"start":{"line":175,"column":2},"end":{"line":177,"column":3}},"59":{"start":{"line":176,"column":4},"end":{"line":176,"column":19}},"60":{"start":{"line":179,"column":15},"end":{"line":179,"column":22}},"61":{"start":{"line":180,"column":12},"end":{"line":180,"column":13}},"62":{"start":{"line":182,"column":2},"end":{"line":185,"column":3}},"63":{"start":{"line":183,"column":4},"end":{"line":183,"column":53}},"64":{"start":{"line":184,"column":4},"end":{"line":184,"column":10}},"65":{"start":{"line":187,"column":2},"end":{"line":187,"column":16}},"66":{"start":{"line":190,"column":0},"end":{"line":192,"column":2}},"67":{"start":{"line":191,"column":2},"end":{"line":191,"column":69}},"68":{"start":{"line":194,"column":0},"end":{"line":218,"column":2}},"69":{"start":{"line":195,"column":15},"end":{"line":195,"column":29}},"70":{"start":{"line":196,"column":19},"end":{"line":196,"column":23}},"71":{"start":{"line":197,"column":20},"end":{"line":197,"column":26}},"72":{"start":{"line":199,"column":2},"end":{"line":215,"column":3}},"73":{"start":{"line":199,"column":15},"end":{"line":199,"column":16}},"74":{"start":{"line":200,"column":4},"end":{"line":214,"column":5}},"75":{"start":{"line":200,"column":17},"end":{"line":200,"column":18}},"76":{"start":{"line":201,"column":6},"end":{"line":213,"column":7}},"77":{"start":{"line":205,"column":8},"end":{"line":208,"column":16}},"78":{"start":{"line":209,"column":8},"end":{"line":212,"column":10}},"79":{"start":{"line":217,"column":2},"end":{"line":217,"column":20}},"80":{"start":{"line":220,"column":15},"end":{"line":220,"column":18}},"81":{"start":{"line":221,"column":0},"end":{"line":221,"column":27}}},"fnMap":{"0":{"name":"(anonymous_0)","decl":{"start":{"line":81,"column":19},"end":{"line":81,"column":20}},"loc":{"start":{"line":81,"column":34},"end":{"line":87,"column":1}},"line":81},"1":{"name":"(anonymous_1)","decl":{"start":{"line":89,"column":22},"end":{"line":89,"column":23}},"loc":{"start":{"line":89,"column":37},"end":{"line":91,"column":1}},"line":89},"2":{"name":"(anonymous_2)","decl":{"start":{"line":93,"column":13},"end":{"line":93,"column":14}},"loc":{"start":{"line":93,"column":36},"end":{"line":98,"column":1}},"line":93},"3":{"name":"(anonymous_3)","decl":{"start":{"line":100,"column":14},"end":{"line":100,"column":15}},"loc":{"start":{"line":100,"column":61},"end":{"line":112,"column":1}},"line":100},"4":{"name":"(anonymous_4)","decl":{"start":{"line":114,"column":18},"end":{"line":114,"column":19}},"loc":{"start":{"line":114,"column":34},"end":{"line":126,"column":1}},"line":114},"5":{"name":"(anonymous_5)","decl":{"start":{"line":128,"column":13},"end":{"line":128,"column":14}},"loc":{"start":{"line":128,"column":38},"end":{"line":147,"column":1}},"line":128},"6":{"name":"(anonymous_6)","decl":{"start":{"line":149,"column":17},"end":{"line":149,"column":18}},"loc":{"start":{"line":149,"column":51},"end":{"line":163,"column":1}},"line":149},"7":{"name":"(anonymous_7)","decl":{"start":{"line":165,"column":15},"end":{"line":165,"column":16}},"loc":{"start":{"line":165,"column":35},"end":{"line":170,"column":1}},"line":165},"8":{"name":"(anonymous_8)","decl":{"start":{"line":172,"column":11},"end":{"line":172,"column":12}},"loc":{"start":{"line":172,"column":40},"end":{"line":188,"column":1}},"line":172},"9":{"name":"(anonymous_9)","decl":{"start":{"line":190,"column":13},"end":{"line":190,"column":14}},"loc":{"start":{"line":190,"column":35},"end":{"line":192,"column":1}},"line":190},"10":{"name":"(anonymous_10)","decl":{"start":{"line":194,"column":21},"end":{"line":194,"column":22}},"loc":{"start":{"line":194,"column":45},"end":{"line":218,"column":1}},"line":194}},"branchMap":{"0":{"loc":{"start":{"line":82,"column":2},"end":{"line":84,"column":3}},"type":"if","locations":[{"start":{"line":82,"column":2},"end":{"line":84,"column":3}},{"start":{"line":82,"column":2},"end":{"line":84,"column":3}}],"line":82},"1":{"loc":{"start":{"line":111,"column":9},"end":{"line":111,"column":53}},"type":"cond-expr","locations":[{"start":{"line":111,"column":34},"end":{"line":111,"column":42}},{"start":{"line":111,"column":45},"end":{"line":111,"column":53}}],"line":111},"2":{"loc":{"start":{"line":119,"column":18},"end":{"line":119,"column":41}},"type":"binary-expr","locations":[{"start":{"line":119,"column":18},"end":{"line":119,"column":28}},{"start":{"line":119,"column":32},"end":{"line":119,"column":41}}],"line":119},"3":{"loc":{"start":{"line":120,"column":20},"end":{"line":120,"column":43}},"type":"binary-expr","locations":[{"start":{"line":120,"column":20},"end":{"line":120,"column":30}},{"start":{"line":120,"column":34},"end":{"line":120,"column":43}}],"line":120},"4":{"loc":{"start":{"line":134,"column":2},"end":{"line":138,"column":3}},"type":"if","locations":[{"start":{"line":134,"column":2},"end":{"line":138,"column":3}},{"start":{"line":134,"column":2},"end":{"line":138,"column":3}}],"line":134},"5":{"loc":{"start":{"line":136,"column":9},"end":{"line":138,"column":3}},"type":"if","locations":[{"start":{"line":136,"column":9},"end":{"line":138,"column":3}},{"start":{"line":136,"column":9},"end":{"line":138,"column":3}}],"line":136},"6":{"loc":{"start":{"line":140,"column":2},"end":{"line":144,"column":3}},"type":"if","locations":[{"start":{"line":140,"column":2},"end":{"line":144,"column":3}},{"start":{"line":140,"column":2},"end":{"line":144,"column":3}}],"line":140},"7":{"loc":{"start":{"line":142,"column":9},"end":{"line":144,"column":3}},"type":"if","locations":[{"start":{"line":142,"column":9},"end":{"line":144,"column":3}},{"start":{"line":142,"column":9},"end":{"line":144,"column":3}}],"line":142},"8":{"loc":{"start":{"line":154,"column":2},"end":{"line":162,"column":3}},"type":"if","locations":[{"start":{"line":154,"column":2},"end":{"line":162,"column":3}},{"start":{"line":154,"column":2},"end":{"line":162,"column":3}}],"line":154},"9":{"loc":{"start":{"line":154,"column":6},"end":{"line":154,"column":26}},"type":"binary-expr","locations":[{"start":{"line":154,"column":6},"end":{"line":154,"column":17}},{"start":{"line":154,"column":21},"end":{"line":154,"column":26}}],"line":154},"10":{"loc":{"start":{"line":156,"column":9},"end":{"line":162,"column":3}},"type":"if","locations":[{"start":{"line":156,"column":9},"end":{"line":162,"column":3}},{"start":{"line":156,"column":9},"end":{"line":162,"column":3}}],"line":156},"11":{"loc":{"start":{"line":156,"column":13},"end":{"line":156,"column":33}},"type":"binary-expr","locations":[{"start":{"line":156,"column":13},"end":{"line":156,"column":24}},{"start":{"line":156,"column":28},"end":{"line":156,"column":33}}],"line":156},"12":{"loc":{"start":{"line":158,"column":9},"end":{"line":162,"column":3}},"type":"if","locations":[{"start":{"line":158,"column":9},"end":{"line":162,"column":3}},{"start":{"line":158,"column":9},"end":{"line":162,"column":3}}],"line":158},"13":{"loc":{"start":{"line":158,"column":13},"end":{"line":158,"column":49}},"type":"binary-expr","locations":[{"start":{"line":158,"column":13},"end":{"line":158,"column":31}},{"start":{"line":158,"column":35},"end":{"line":158,"column":49}}],"line":158},"14":{"loc":{"start":{"line":175,"column":2},"end":{"line":177,"column":3}},"type":"if","locations":[{"start":{"line":175,"column":2},"end":{"line":177,"column":3}},{"start":{"line":175,"column":2},"end":{"line":177,"column":3}}],"line":175},"15":{"loc":{"start":{"line":175,"column":6},"end":{"line":175,"column":40}},"type":"binary-expr","locations":[{"start":{"line":175,"column":6},"end":{"line":175,"column":21}},{"start":{"line":175,"column":25},"end":{"line":175,"column":40}}],"line":175},"16":{"loc":{"start":{"line":182,"column":9},"end":{"line":182,"column":135}},"type":"binary-expr","locations":[{"start":{"line":182,"column":9},"end":{"line":182,"column":105}},{"start":{"line":182,"column":109},"end":{"line":182,"column":135}}],"line":182},"17":{"loc":{"start":{"line":201,"column":6},"end":{"line":213,"column":7}},"type":"if","locations":[{"start":{"line":201,"column":6},"end":{"line":213,"column":7}},{"start":{"line":201,"column":6},"end":{"line":213,"column":7}}],"line":201},"18":{"loc":{"start":{"line":201,"column":10},"end":{"line":204,"column":27}},"type":"binary-expr","locations":[{"start":{"line":201,"column":10},"end":{"line":201,"column":23}},{"start":{"line":201,"column":27},"end":{"line":204,"column":27}}],"line":201}},"s":{"0":1,"1":1,"2":1,"3":1,"4":1,"5":1,"6":1,"7":1,"8":1,"9":1,"10":1,"11":1,"12":0,"13":1,"14":0,"15":1,"16":0,"17":0,"18":0,"19":1,"20":0,"21":0,"22":0,"23":1,"24":0,"25":0,"26":0,"27":0,"28":0,"29":0,"30":0,"31":0,"32":1,"33":0,"34":0,"35":0,"36":0,"37":0,"38":0,"39":0,"40":0,"41":0,"42":0,"43":1,"44":0,"45":0,"46":0,"47":0,"48":0,"49":0,"50":0,"51":0,"52":0,"53":0,"54":1,"55":0,"56":1,"57":0,"58":0,"59":0,"60":0,"61":0,"62":0,"63":0,"64":0,"65":0,"66":1,"67":0,"68":1,"69":0,"70":0,"71":0,"72":0,"73":0,"74":0,"75":0,"76":0,"77":0,"78":0,"79":0,"80":1,"81":1},"f":{"0":1,"1":0,"2":0,"3":0,"4":0,"5":0,"6":0,"7":0,"8":0,"9":0,"10":0},"b":{"0":[1,0],"1":[0,0],"2":[0,0],"3":[0,0],"4":[0,0],"5":[0,0],"6":[0,0],"7":[0,0],"8":[0,0],"9":[0,0],"10":[0,0],"11":[0,0],"12":[0,0],"13":[0,0],"14":[0,0],"15":[0,0],"16":[0,0],"17":[0,0],"18":[0,0]},"_coverageSchema":"43e27e138ebf9cfc5966b082cf9a028302ed4184","hash":"c550dbc2d2f8a2cefe6cffff6bfc59e5bf491f4b","contentHash":"fc05c8681e6ceea1af9313340a91976162dcd537d505c0c268cda7ad9385b981"},"C:\\Users\\SUMAN M\\Desktop\\battlecode\\bots\\castle.js":{"path":"C:\\Users\\SUMAN M\\Desktop\\battlecode\\bots\\castle.js","statementMap":{"0":{"start":{"line":3,"column":0},"end":{"line":5,"column":3}},"1":{"start":{"line":6,"column":0},"end":{"line":6,"column":25}},"2":{"start":{"line":8,"column":10},"end":{"line":8,"column":25}},"3":{"start":{"line":10,"column":11},"end":{"line":10,"column":54}},"4":{"start":{"line":12,"column":12},"end":{"line":12,"column":18}},"5":{"start":{"line":14,"column":39},"end":{"line":14,"column":93}},"6":{"start":{"line":16,"column":13},"end":{"line":16,"column":15}},"7":{"start":{"line":17,"column":8},"end":{"line":17,"column":10}},"8":{"start":{"line":18,"column":8},"end":{"line":18,"column":10}},"9":{"start":{"line":20,"column":0},"end":{"line":24,"column":2}},"10":{"start":{"line":21,"column":2},"end":{"line":23,"column":5}},"11":{"start":{"line":22,"column":4},"end":{"line":22,"column":37}},"12":{"start":{"line":26,"column":0},"end":{"line":156,"column":2}},"13":{"start":{"line":27,"column":2},"end":{"line":27,"column":33}},"14":{"start":{"line":28,"column":16},"end":{"line":28,"column":39}},"15":{"start":{"line":30,"column":24},"end":{"line":30,"column":57}},"16":{"start":{"line":32,"column":20},"end":{"line":38,"column":3}},"17":{"start":{"line":33,"column":18},"end":{"line":35,"column":6}},"18":{"start":{"line":34,"column":6},"end":{"line":34,"column":130}},"19":{"start":{"line":37,"column":4},"end":{"line":37,"column":22}},"20":{"start":{"line":40,"column":2},"end":{"line":56,"column":5}},"21":{"start":{"line":41,"column":4},"end":{"line":43,"column":5}},"22":{"start":{"line":42,"column":6},"end":{"line":42,"column":13}},"23":{"start":{"line":45,"column":24},"end":{"line":45,"column":68}},"24":{"start":{"line":47,"column":4},"end":{"line":55,"column":5}},"25":{"start":{"line":48,"column":6},"end":{"line":48,"column":65}},"26":{"start":{"line":50,"column":6},"end":{"line":53,"column":9}},"27":{"start":{"line":54,"column":6},"end":{"line":54,"column":52}},"28":{"start":{"line":57,"column":2},"end":{"line":57,"column":60}},"29":{"start":{"line":58,"column":19},"end":{"line":70,"column":4}},"30":{"start":{"line":59,"column":4},"end":{"line":61,"column":5}},"31":{"start":{"line":60,"column":6},"end":{"line":60,"column":19}},"32":{"start":{"line":63,"column":19},"end":{"line":63,"column":86}},"33":{"start":{"line":65,"column":4},"end":{"line":67,"column":5}},"34":{"start":{"line":66,"column":6},"end":{"line":66,"column":18}},"35":{"start":{"line":69,"column":4},"end":{"line":69,"column":17}},"36":{"start":{"line":72,"column":2},"end":{"line":78,"column":3}},"37":{"start":{"line":73,"column":4},"end":{"line":77,"column":7}},"38":{"start":{"line":74,"column":14},"end":{"line":74,"column":22}},"39":{"start":{"line":75,"column":14},"end":{"line":75,"column":22}},"40":{"start":{"line":76,"column":6},"end":{"line":76,"column":45}},"41":{"start":{"line":80,"column":2},"end":{"line":88,"column":3}},"42":{"start":{"line":81,"column":16},"end":{"line":81,"column":29}},"43":{"start":{"line":82,"column":27},"end":{"line":82,"column":48}},"44":{"start":{"line":83,"column":22},"end":{"line":83,"column":41}},"45":{"start":{"line":84,"column":22},"end":{"line":84,"column":41}},"46":{"start":{"line":85,"column":4},"end":{"line":85,"column":31}},"47":{"start":{"line":86,"column":4},"end":{"line":86,"column":106}},"48":{"start":{"line":87,"column":4},"end":{"line":87,"column":49}},"49":{"start":{"line":90,"column":2},"end":{"line":98,"column":3}},"50":{"start":{"line":91,"column":20},"end":{"line":91,"column":40}},"51":{"start":{"line":93,"column":4},"end":{"line":97,"column":5}},"52":{"start":{"line":94,"column":6},"end":{"line":94,"column":91}},"53":{"start":{"line":95,"column":6},"end":{"line":95,"column":27}},"54":{"start":{"line":96,"column":6},"end":{"line":96,"column":73}},"55":{"start":{"line":100,"column":2},"end":{"line":155,"column":3}},"56":{"start":{"line":121,"column":21},"end":{"line":121,"column":34}},"57":{"start":{"line":123,"column":4},"end":{"line":150,"column":5}},"58":{"start":{"line":124,"column":17},"end":{"line":124,"column":34}},"59":{"start":{"line":126,"column":6},"end":{"line":141,"column":7}},"60":{"start":{"line":127,"column":8},"end":{"line":127,"column":34}},"61":{"start":{"line":128,"column":8},"end":{"line":128,"column":33}},"62":{"start":{"line":129,"column":13},"end":{"line":141,"column":7}},"63":{"start":{"line":130,"column":8},"end":{"line":130,"column":33}},"64":{"start":{"line":131,"column":8},"end":{"line":131,"column":31}},"65":{"start":{"line":132,"column":13},"end":{"line":141,"column":7}},"66":{"start":{"line":133,"column":8},"end":{"line":133,"column":34}},"67":{"start":{"line":134,"column":8},"end":{"line":134,"column":32}},"68":{"start":{"line":138,"column":8},"end":{"line":138,"column":33}},"69":{"start":{"line":139,"column":8},"end":{"line":139,"column":32}},"70":{"start":{"line":140,"column":8},"end":{"line":140,"column":31}},"71":{"start":{"line":147,"column":6},"end":{"line":147,"column":62}},"72":{"start":{"line":149,"column":6},"end":{"line":149,"column":36}},"73":{"start":{"line":152,"column":4},"end":{"line":152,"column":51}},"74":{"start":{"line":153,"column":4},"end":{"line":153,"column":46}},"75":{"start":{"line":154,"column":4},"end":{"line":154,"column":44}},"76":{"start":{"line":158,"column":15},"end":{"line":158,"column":21}},"77":{"start":{"line":159,"column":0},"end":{"line":159,"column":27}}},"fnMap":{"0":{"name":"_interopRequireDefault","decl":{"start":{"line":14,"column":9},"end":{"line":14,"column":31}},"loc":{"start":{"line":14,"column":37},"end":{"line":14,"column":95}},"line":14},"1":{"name":"(anonymous_1)","decl":{"start":{"line":20,"column":28},"end":{"line":20,"column":29}},"loc":{"start":{"line":20,"column":44},"end":{"line":24,"column":1}},"line":20},"2":{"name":"(anonymous_2)","decl":{"start":{"line":21,"column":21},"end":{"line":21,"column":22}},"loc":{"start":{"line":21,"column":38},"end":{"line":23,"column":3}},"line":21},"3":{"name":"(anonymous_3)","decl":{"start":{"line":26,"column":18},"end":{"line":26,"column":19}},"loc":{"start":{"line":26,"column":34},"end":{"line":156,"column":1}},"line":26},"4":{"name":"getBuildDir","decl":{"start":{"line":32,"column":29},"end":{"line":32,"column":40}},"loc":{"start":{"line":32,"column":43},"end":{"line":38,"column":3}},"line":32},"5":{"name":"(anonymous_5)","decl":{"start":{"line":33,"column":49},"end":{"line":33,"column":50}},"loc":{"start":{"line":33,"column":70},"end":{"line":35,"column":5}},"line":33},"6":{"name":"(anonymous_6)","decl":{"start":{"line":40,"column":26},"end":{"line":40,"column":27}},"loc":{"start":{"line":40,"column":43},"end":{"line":56,"column":3}},"line":40},"7":{"name":"(anonymous_7)","decl":{"start":{"line":58,"column":34},"end":{"line":58,"column":35}},"loc":{"start":{"line":58,"column":51},"end":{"line":70,"column":3}},"line":58},"8":{"name":"(anonymous_8)","decl":{"start":{"line":73,"column":30},"end":{"line":73,"column":31}},"loc":{"start":{"line":73,"column":48},"end":{"line":77,"column":5}},"line":73}},"branchMap":{"0":{"loc":{"start":{"line":14,"column":46},"end":{"line":14,"column":92}},"type":"cond-expr","locations":[{"start":{"line":14,"column":70},"end":{"line":14,"column":73}},{"start":{"line":14,"column":76},"end":{"line":14,"column":92}}],"line":14},"1":{"loc":{"start":{"line":14,"column":46},"end":{"line":14,"column":67}},"type":"binary-expr","locations":[{"start":{"line":14,"column":46},"end":{"line":14,"column":49}},{"start":{"line":14,"column":53},"end":{"line":14,"column":67}}],"line":14},"2":{"loc":{"start":{"line":41,"column":4},"end":{"line":43,"column":5}},"type":"if","locations":[{"start":{"line":41,"column":4},"end":{"line":43,"column":5}},{"start":{"line":41,"column":4},"end":{"line":43,"column":5}}],"line":41},"3":{"loc":{"start":{"line":45,"column":24},"end":{"line":45,"column":68}},"type":"binary-expr","locations":[{"start":{"line":45,"column":24},"end":{"line":45,"column":62}},{"start":{"line":45,"column":66},"end":{"line":45,"column":68}}],"line":45},"4":{"loc":{"start":{"line":47,"column":4},"end":{"line":55,"column":5}},"type":"if","locations":[{"start":{"line":47,"column":4},"end":{"line":55,"column":5}},{"start":{"line":47,"column":4},"end":{"line":55,"column":5}}],"line":47},"5":{"loc":{"start":{"line":59,"column":4},"end":{"line":61,"column":5}},"type":"if","locations":[{"start":{"line":59,"column":4},"end":{"line":61,"column":5}},{"start":{"line":59,"column":4},"end":{"line":61,"column":5}}],"line":59},"6":{"loc":{"start":{"line":65,"column":4},"end":{"line":67,"column":5}},"type":"if","locations":[{"start":{"line":65,"column":4},"end":{"line":67,"column":5}},{"start":{"line":65,"column":4},"end":{"line":67,"column":5}}],"line":65},"7":{"loc":{"start":{"line":65,"column":8},"end":{"line":65,"column":159}},"type":"binary-expr","locations":[{"start":{"line":65,"column":8},"end":{"line":65,"column":35}},{"start":{"line":65,"column":39},"end":{"line":65,"column":97}},{"start":{"line":65,"column":101},"end":{"line":65,"column":159}}],"line":65},"8":{"loc":{"start":{"line":72,"column":2},"end":{"line":78,"column":3}},"type":"if","locations":[{"start":{"line":72,"column":2},"end":{"line":78,"column":3}},{"start":{"line":72,"column":2},"end":{"line":78,"column":3}}],"line":72},"9":{"loc":{"start":{"line":80,"column":2},"end":{"line":88,"column":3}},"type":"if","locations":[{"start":{"line":80,"column":2},"end":{"line":88,"column":3}},{"start":{"line":80,"column":2},"end":{"line":88,"column":3}}],"line":80},"10":{"loc":{"start":{"line":90,"column":2},"end":{"line":98,"column":3}},"type":"if","locations":[{"start":{"line":90,"column":2},"end":{"line":98,"column":3}},{"start":{"line":90,"column":2},"end":{"line":98,"column":3}}],"line":90},"11":{"loc":{"start":{"line":90,"column":6},"end":{"line":90,"column":52}},"type":"binary-expr","locations":[{"start":{"line":90,"column":6},"end":{"line":90,"column":28}},{"start":{"line":90,"column":32},"end":{"line":90,"column":52}}],"line":90},"12":{"loc":{"start":{"line":93,"column":4},"end":{"line":97,"column":5}},"type":"if","locations":[{"start":{"line":93,"column":4},"end":{"line":97,"column":5}},{"start":{"line":93,"column":4},"end":{"line":97,"column":5}}],"line":93},"13":{"loc":{"start":{"line":100,"column":2},"end":{"line":155,"column":3}},"type":"if","locations":[{"start":{"line":100,"column":2},"end":{"line":155,"column":3}},{"start":{"line":100,"column":2},"end":{"line":155,"column":3}}],"line":100},"14":{"loc":{"start":{"line":100,"column":6},"end":{"line":100,"column":65}},"type":"binary-expr","locations":[{"start":{"line":100,"column":6},"end":{"line":100,"column":23}},{"start":{"line":100,"column":27},"end":{"line":100,"column":46}},{"start":{"line":100,"column":50},"end":{"line":100,"column":65}}],"line":100},"15":{"loc":{"start":{"line":123,"column":4},"end":{"line":150,"column":5}},"type":"if","locations":[{"start":{"line":123,"column":4},"end":{"line":150,"column":5}},{"start":{"line":123,"column":4},"end":{"line":150,"column":5}}],"line":123},"16":{"loc":{"start":{"line":126,"column":6},"end":{"line":141,"column":7}},"type":"if","locations":[{"start":{"line":126,"column":6},"end":{"line":141,"column":7}},{"start":{"line":126,"column":6},"end":{"line":141,"column":7}}],"line":126},"17":{"loc":{"start":{"line":126,"column":10},"end":{"line":126,"column":68}},"type":"binary-expr","locations":[{"start":{"line":126,"column":10},"end":{"line":126,"column":39}},{"start":{"line":126,"column":43},"end":{"line":126,"column":68}}],"line":126},"18":{"loc":{"start":{"line":129,"column":13},"end":{"line":141,"column":7}},"type":"if","locations":[{"start":{"line":129,"column":13},"end":{"line":141,"column":7}},{"start":{"line":129,"column":13},"end":{"line":141,"column":7}}],"line":129},"19":{"loc":{"start":{"line":129,"column":17},"end":{"line":129,"column":72}},"type":"binary-expr","locations":[{"start":{"line":129,"column":17},"end":{"line":129,"column":45}},{"start":{"line":129,"column":49},"end":{"line":129,"column":72}}],"line":129},"20":{"loc":{"start":{"line":132,"column":13},"end":{"line":141,"column":7}},"type":"if","locations":[{"start":{"line":132,"column":13},"end":{"line":141,"column":7}},{"start":{"line":132,"column":13},"end":{"line":141,"column":7}}],"line":132},"21":{"loc":{"start":{"line":132,"column":17},"end":{"line":132,"column":73}},"type":"binary-expr","locations":[{"start":{"line":132,"column":17},"end":{"line":132,"column":45}},{"start":{"line":132,"column":49},"end":{"line":132,"column":73}}],"line":132}},"s":{"0":1,"1":1,"2":1,"3":1,"4":1,"5":1,"6":1,"7":1,"8":1,"9":1,"10":4,"11":10,"12":1,"13":0,"14":0,"15":0,"16":0,"17":0,"18":0,"19":0,"20":0,"21":0,"22":0,"23":0,"24":0,"25":0,"26":0,"27":0,"28":0,"29":0,"30":0,"31":0,"32":0,"33":0,"34":0,"35":0,"36":0,"37":0,"38":0,"39":0,"40":0,"41":0,"42":0,"43":0,"44":0,"45":0,"46":0,"47":0,"48":0,"49":0,"50":0,"51":0,"52":0,"53":0,"54":0,"55":0,"56":0,"57":0,"58":0,"59":0,"60":0,"61":0,"62":0,"63":0,"64":0,"65":0,"66":0,"67":0,"68":0,"69":0,"70":0,"71":0,"72":0,"73":0,"74":0,"75":0,"76":1,"77":1},"f":{"0":1,"1":4,"2":10,"3":0,"4":0,"5":0,"6":0,"7":0,"8":0},"b":{"0":[1,0],"1":[1,1],"2":[0,0],"3":[0,0],"4":[0,0],"5":[0,0],"6":[0,0],"7":[0,0,0],"8":[0,0],"9":[0,0],"10":[0,0],"11":[0,0],"12":[0,0],"13":[0,0],"14":[0,0,0],"15":[0,0],"16":[0,0],"17":[0,0],"18":[0,0],"19":[0,0],"20":[0,0],"21":[0,0]},"_coverageSchema":"43e27e138ebf9cfc5966b082cf9a028302ed4184","hash":"dd3f0a24c019ed8c6b55f486b4172980ebf537f4","contentHash":"dee24b9cdc0e282bb944bbf934f992aa3c484ec7dd8283b7ca101e294145ac04"},"C:\\Users\\SUMAN M\\Desktop\\battlecode\\sprint4\\nav.js":{"path":"C:\\Users\\SUMAN M\\Desktop\\battlecode\\sprint4\\nav.js","statementMap":{"0":{"start":{"line":3,"column":0},"end":{"line":5,"column":3}},"1":{"start":{"line":6,"column":0},"end":{"line":6,"column":25}},"2":{"start":{"line":7,"column":10},"end":{"line":7,"column":12}},"3":{"start":{"line":8,"column":0},"end":{"line":8,"column":70}},"4":{"start":{"line":9,"column":0},"end":{"line":9,"column":61}},"5":{"start":{"line":10,"column":0},"end":{"line":19,"column":2}},"6":{"start":{"line":20,"column":0},"end":{"line":53,"column":2}},"7":{"start":{"line":55,"column":0},"end":{"line":61,"column":2}},"8":{"start":{"line":56,"column":2},"end":{"line":58,"column":3}},"9":{"start":{"line":57,"column":4},"end":{"line":57,"column":42}},"10":{"start":{"line":60,"column":2},"end":{"line":60,"column":43}},"11":{"start":{"line":63,"column":0},"end":{"line":65,"column":2}},"12":{"start":{"line":64,"column":2},"end":{"line":64,"column":38}},"13":{"start":{"line":67,"column":0},"end":{"line":71,"column":2}},"14":{"start":{"line":68,"column":19},"end":{"line":68,"column":40}},"15":{"start":{"line":69,"column":25},"end":{"line":69,"column":102}},"16":{"start":{"line":70,"column":2},"end":{"line":70,"column":47}},"17":{"start":{"line":75,"column":0},"end":{"line":92,"column":2}},"18":{"start":{"line":76,"column":17},"end":{"line":80,"column":3}},"19":{"start":{"line":81,"column":17},"end":{"line":85,"column":3}},"20":{"start":{"line":87,"column":2},"end":{"line":91,"column":3}},"21":{"start":{"line":88,"column":4},"end":{"line":88,"column":20}},"22":{"start":{"line":90,"column":4},"end":{"line":90,"column":20}},"23":{"start":{"line":95,"column":0},"end":{"line":110,"column":2}},"24":{"start":{"line":96,"column":15},"end":{"line":96,"column":30}},"25":{"start":{"line":97,"column":18},"end":{"line":97,"column":22}},"26":{"start":{"line":99,"column":2},"end":{"line":107,"column":3}},"27":{"start":{"line":99,"column":15},"end":{"line":99,"column":16}},"28":{"start":{"line":100,"column":4},"end":{"line":106,"column":5}},"29":{"start":{"line":100,"column":17},"end":{"line":100,"column":18}},"30":{"start":{"line":101,"column":6},"end":{"line":105,"column":7}},"31":{"start":{"line":102,"column":8},"end":{"line":102,"column":25}},"32":{"start":{"line":104,"column":8},"end":{"line":104,"column":26}},"33":{"start":{"line":109,"column":2},"end":{"line":109,"column":19}},"34":{"start":{"line":112,"column":0},"end":{"line":131,"column":2}},"35":{"start":{"line":113,"column":15},"end":{"line":116,"column":3}},"36":{"start":{"line":118,"column":2},"end":{"line":122,"column":3}},"37":{"start":{"line":119,"column":4},"end":{"line":119,"column":18}},"38":{"start":{"line":120,"column":9},"end":{"line":122,"column":3}},"39":{"start":{"line":121,"column":4},"end":{"line":121,"column":17}},"40":{"start":{"line":124,"column":2},"end":{"line":128,"column":3}},"41":{"start":{"line":125,"column":4},"end":{"line":125,"column":18}},"42":{"start":{"line":126,"column":9},"end":{"line":128,"column":3}},"43":{"start":{"line":127,"column":4},"end":{"line":127,"column":17}},"44":{"start":{"line":130,"column":2},"end":{"line":130,"column":16}},"45":{"start":{"line":133,"column":0},"end":{"line":147,"column":2}},"46":{"start":{"line":134,"column":10},"end":{"line":134,"column":15}},"47":{"start":{"line":135,"column":10},"end":{"line":135,"column":15}},"48":{"start":{"line":136,"column":15},"end":{"line":136,"column":29}},"49":{"start":{"line":138,"column":2},"end":{"line":146,"column":3}},"50":{"start":{"line":139,"column":4},"end":{"line":139,"column":17}},"51":{"start":{"line":140,"column":9},"end":{"line":146,"column":3}},"52":{"start":{"line":141,"column":4},"end":{"line":141,"column":17}},"53":{"start":{"line":142,"column":9},"end":{"line":146,"column":3}},"54":{"start":{"line":143,"column":4},"end":{"line":143,"column":17}},"55":{"start":{"line":145,"column":4},"end":{"line":145,"column":16}},"56":{"start":{"line":149,"column":0},"end":{"line":154,"column":2}},"57":{"start":{"line":150,"column":2},"end":{"line":153,"column":4}},"58":{"start":{"line":156,"column":0},"end":{"line":171,"column":2}},"59":{"start":{"line":157,"column":16},"end":{"line":157,"column":48}},"60":{"start":{"line":159,"column":2},"end":{"line":161,"column":3}},"61":{"start":{"line":160,"column":4},"end":{"line":160,"column":19}},"62":{"start":{"line":163,"column":15},"end":{"line":163,"column":16}},"63":{"start":{"line":165,"column":2},"end":{"line":168,"column":3}},"64":{"start":{"line":166,"column":4},"end":{"line":166,"column":37}},"65":{"start":{"line":167,"column":4},"end":{"line":167,"column":13}},"66":{"start":{"line":170,"column":2},"end":{"line":170,"column":17}},"67":{"start":{"line":173,"column":0},"end":{"line":175,"column":2}},"68":{"start":{"line":174,"column":2},"end":{"line":174,"column":69}},"69":{"start":{"line":177,"column":0},"end":{"line":207,"column":2}},"70":{"start":{"line":178,"column":15},"end":{"line":178,"column":29}},"71":{"start":{"line":179,"column":19},"end":{"line":179,"column":23}},"72":{"start":{"line":180,"column":21},"end":{"line":180,"column":25}},"73":{"start":{"line":181,"column":20},"end":{"line":181,"column":24}},"74":{"start":{"line":182,"column":13},"end":{"line":182,"column":17}},"75":{"start":{"line":183,"column":20},"end":{"line":183,"column":26}},"76":{"start":{"line":185,"column":2},"end":{"line":204,"column":3}},"77":{"start":{"line":185,"column":15},"end":{"line":185,"column":16}},"78":{"start":{"line":186,"column":4},"end":{"line":203,"column":5}},"79":{"start":{"line":186,"column":17},"end":{"line":186,"column":18}},"80":{"start":{"line":187,"column":6},"end":{"line":202,"column":7}},"81":{"start":{"line":191,"column":8},"end":{"line":191,"column":28}},"82":{"start":{"line":192,"column":8},"end":{"line":192,"column":34}},"83":{"start":{"line":193,"column":8},"end":{"line":193,"column":35}},"84":{"start":{"line":194,"column":8},"end":{"line":197,"column":16}},"85":{"start":{"line":198,"column":8},"end":{"line":201,"column":10}},"86":{"start":{"line":206,"column":2},"end":{"line":206,"column":49}},"87":{"start":{"line":209,"column":15},"end":{"line":209,"column":18}},"88":{"start":{"line":210,"column":0},"end":{"line":210,"column":27}}},"fnMap":{"0":{"name":"(anonymous_0)","decl":{"start":{"line":55,"column":19},"end":{"line":55,"column":20}},"loc":{"start":{"line":55,"column":34},"end":{"line":61,"column":1}},"line":55},"1":{"name":"(anonymous_1)","decl":{"start":{"line":63,"column":22},"end":{"line":63,"column":23}},"loc":{"start":{"line":63,"column":37},"end":{"line":65,"column":1}},"line":63},"2":{"name":"(anonymous_2)","decl":{"start":{"line":67,"column":13},"end":{"line":67,"column":14}},"loc":{"start":{"line":67,"column":36},"end":{"line":71,"column":1}},"line":67},"3":{"name":"(anonymous_3)","decl":{"start":{"line":75,"column":14},"end":{"line":75,"column":15}},"loc":{"start":{"line":75,"column":61},"end":{"line":92,"column":1}},"line":75},"4":{"name":"(anonymous_4)","decl":{"start":{"line":95,"column":18},"end":{"line":95,"column":19}},"loc":{"start":{"line":95,"column":34},"end":{"line":110,"column":1}},"line":95},"5":{"name":"(anonymous_5)","decl":{"start":{"line":112,"column":13},"end":{"line":112,"column":14}},"loc":{"start":{"line":112,"column":38},"end":{"line":131,"column":1}},"line":112},"6":{"name":"(anonymous_6)","decl":{"start":{"line":133,"column":17},"end":{"line":133,"column":18}},"loc":{"start":{"line":133,"column":51},"end":{"line":147,"column":1}},"line":133},"7":{"name":"(anonymous_7)","decl":{"start":{"line":149,"column":15},"end":{"line":149,"column":16}},"loc":{"start":{"line":149,"column":35},"end":{"line":154,"column":1}},"line":149},"8":{"name":"(anonymous_8)","decl":{"start":{"line":156,"column":11},"end":{"line":156,"column":12}},"loc":{"start":{"line":156,"column":40},"end":{"line":171,"column":1}},"line":156},"9":{"name":"(anonymous_9)","decl":{"start":{"line":173,"column":13},"end":{"line":173,"column":14}},"loc":{"start":{"line":173,"column":35},"end":{"line":175,"column":1}},"line":173},"10":{"name":"(anonymous_10)","decl":{"start":{"line":177,"column":21},"end":{"line":177,"column":22}},"loc":{"start":{"line":177,"column":45},"end":{"line":207,"column":1}},"line":177}},"branchMap":{"0":{"loc":{"start":{"line":56,"column":2},"end":{"line":58,"column":3}},"type":"if","locations":[{"start":{"line":56,"column":2},"end":{"line":58,"column":3}},{"start":{"line":56,"column":2},"end":{"line":58,"column":3}}],"line":56},"1":{"loc":{"start":{"line":87,"column":2},"end":{"line":91,"column":3}},"type":"if","locations":[{"start":{"line":87,"column":2},"end":{"line":91,"column":3}},{"start":{"line":87,"column":2},"end":{"line":91,"column":3}}],"line":87},"2":{"loc":{"start":{"line":99,"column":18},"end":{"line":99,"column":41}},"type":"binary-expr","locations":[{"start":{"line":99,"column":18},"end":{"line":99,"column":28}},{"start":{"line":99,"column":32},"end":{"line":99,"column":41}}],"line":99},"3":{"loc":{"start":{"line":100,"column":20},"end":{"line":100,"column":43}},"type":"binary-expr","locations":[{"start":{"line":100,"column":20},"end":{"line":100,"column":30}},{"start":{"line":100,"column":34},"end":{"line":100,"column":43}}],"line":100},"4":{"loc":{"start":{"line":101,"column":6},"end":{"line":105,"column":7}},"type":"if","locations":[{"start":{"line":101,"column":6},"end":{"line":105,"column":7}},{"start":{"line":101,"column":6},"end":{"line":105,"column":7}}],"line":101},"5":{"loc":{"start":{"line":118,"column":2},"end":{"line":122,"column":3}},"type":"if","locations":[{"start":{"line":118,"column":2},"end":{"line":122,"column":3}},{"start":{"line":118,"column":2},"end":{"line":122,"column":3}}],"line":118},"6":{"loc":{"start":{"line":120,"column":9},"end":{"line":122,"column":3}},"type":"if","locations":[{"start":{"line":120,"column":9},"end":{"line":122,"column":3}},{"start":{"line":120,"column":9},"end":{"line":122,"column":3}}],"line":120},"7":{"loc":{"start":{"line":124,"column":2},"end":{"line":128,"column":3}},"type":"if","locations":[{"start":{"line":124,"column":2},"end":{"line":128,"column":3}},{"start":{"line":124,"column":2},"end":{"line":128,"column":3}}],"line":124},"8":{"loc":{"start":{"line":126,"column":9},"end":{"line":128,"column":3}},"type":"if","locations":[{"start":{"line":126,"column":9},"end":{"line":128,"column":3}},{"start":{"line":126,"column":9},"end":{"line":128,"column":3}}],"line":126},"9":{"loc":{"start":{"line":138,"column":2},"end":{"line":146,"column":3}},"type":"if","locations":[{"start":{"line":138,"column":2},"end":{"line":146,"column":3}},{"start":{"line":138,"column":2},"end":{"line":146,"column":3}}],"line":138},"10":{"loc":{"start":{"line":138,"column":6},"end":{"line":138,"column":26}},"type":"binary-expr","locations":[{"start":{"line":138,"column":6},"end":{"line":138,"column":17}},{"start":{"line":138,"column":21},"end":{"line":138,"column":26}}],"line":138},"11":{"loc":{"start":{"line":140,"column":9},"end":{"line":146,"column":3}},"type":"if","locations":[{"start":{"line":140,"column":9},"end":{"line":146,"column":3}},{"start":{"line":140,"column":9},"end":{"line":146,"column":3}}],"line":140},"12":{"loc":{"start":{"line":140,"column":13},"end":{"line":140,"column":33}},"type":"binary-expr","locations":[{"start":{"line":140,"column":13},"end":{"line":140,"column":24}},{"start":{"line":140,"column":28},"end":{"line":140,"column":33}}],"line":140},"13":{"loc":{"start":{"line":142,"column":9},"end":{"line":146,"column":3}},"type":"if","locations":[{"start":{"line":142,"column":9},"end":{"line":146,"column":3}},{"start":{"line":142,"column":9},"end":{"line":146,"column":3}}],"line":142},"14":{"loc":{"start":{"line":142,"column":13},"end":{"line":142,"column":49}},"type":"binary-expr","locations":[{"start":{"line":142,"column":13},"end":{"line":142,"column":31}},{"start":{"line":142,"column":35},"end":{"line":142,"column":49}}],"line":142},"15":{"loc":{"start":{"line":159,"column":2},"end":{"line":161,"column":3}},"type":"if","locations":[{"start":{"line":159,"column":2},"end":{"line":161,"column":3}},{"start":{"line":159,"column":2},"end":{"line":161,"column":3}}],"line":159},"16":{"loc":{"start":{"line":159,"column":6},"end":{"line":159,"column":40}},"type":"binary-expr","locations":[{"start":{"line":159,"column":6},"end":{"line":159,"column":21}},{"start":{"line":159,"column":25},"end":{"line":159,"column":40}}],"line":159},"17":{"loc":{"start":{"line":165,"column":9},"end":{"line":165,"column":139}},"type":"binary-expr","locations":[{"start":{"line":165,"column":9},"end":{"line":165,"column":106}},{"start":{"line":165,"column":110},"end":{"line":165,"column":139}}],"line":165},"18":{"loc":{"start":{"line":187,"column":6},"end":{"line":202,"column":7}},"type":"if","locations":[{"start":{"line":187,"column":6},"end":{"line":202,"column":7}},{"start":{"line":187,"column":6},"end":{"line":202,"column":7}}],"line":187},"19":{"loc":{"start":{"line":187,"column":10},"end":{"line":190,"column":27}},"type":"binary-expr","locations":[{"start":{"line":187,"column":10},"end":{"line":187,"column":23}},{"start":{"line":187,"column":27},"end":{"line":190,"column":27}}],"line":187}},"s":{"0":1,"1":1,"2":1,"3":1,"4":1,"5":1,"6":1,"7":1,"8":1,"9":1,"10":0,"11":1,"12":0,"13":1,"14":0,"15":0,"16":0,"17":1,"18":0,"19":0,"20":0,"21":0,"22":0,"23":1,"24":0,"25":0,"26":0,"27":0,"28":0,"29":0,"30":0,"31":0,"32":0,"33":0,"34":1,"35":0,"36":0,"37":0,"38":0,"39":0,"40":0,"41":0,"42":0,"43":0,"44":0,"45":1,"46":0,"47":0,"48":0,"49":0,"50":0,"51":0,"52":0,"53":0,"54":0,"55":0,"56":1,"57":0,"58":1,"59":0,"60":0,"61":0,"62":0,"63":0,"64":0,"65":0,"66":0,"67":1,"68":0,"69":1,"70":0,"71":0,"72":0,"73":0,"74":0,"75":0,"76":0,"77":0,"78":0,"79":0,"80":0,"81":0,"82":0,"83":0,"84":0,"85":0,"86":0,"87":1,"88":1},"f":{"0":1,"1":0,"2":0,"3":0,"4":0,"5":0,"6":0,"7":0,"8":0,"9":0,"10":0},"b":{"0":[1,0],"1":[0,0],"2":[0,0],"3":[0,0],"4":[0,0],"5":[0,0],"6":[0,0],"7":[0,0],"8":[0,0],"9":[0,0],"10":[0,0],"11":[0,0],"12":[0,0],"13":[0,0],"14":[0,0],"15":[0,0],"16":[0,0],"17":[0,0],"18":[0,0],"19":[0,0]},"_coverageSchema":"43e27e138ebf9cfc5966b082cf9a028302ed4184","hash":"2384b4fc7bf4aaae48d98e6163a57f21bce1030d","contentHash":"f591251a44af80b2d30fc1bab559042c92c2fb4a81f78646fae3434af8528c27"},"C:\\Users\\SUMAN M\\Desktop\\battlecode\\sprint4\\robotTurn.js":{"path":"C:\\Users\\SUMAN M\\Desktop\\battlecode\\sprint4\\robotTurn.js","statementMap":{"0":{"start":{"line":3,"column":0},"end":{"line":5,"column":3}},"1":{"start":{"line":6,"column":0},"end":{"line":6,"column":25}},"2":{"start":{"line":8,"column":11},"end":{"line":8,"column":51}},"3":{"start":{"line":10,"column":39},"end":{"line":10,"column":93}},"4":{"start":{"line":12,"column":33},"end":{"line":12,"column":464}},"5":{"start":{"line":12,"column":46},"end":{"line":12,"column":47}},"6":{"start":{"line":12,"column":91},"end":{"line":12,"column":131}},"7":{"start":{"line":12,"column":147},"end":{"line":12,"column":166}},"8":{"start":{"line":12,"column":168},"end":{"line":12,"column":382}},"9":{"start":{"line":12,"column":226},"end":{"line":12,"column":380}},"10":{"start":{"line":12,"column":312},"end":{"line":12,"column":375}},"11":{"start":{"line":12,"column":383},"end":{"line":12,"column":462}},"12":{"start":{"line":12,"column":416},"end":{"line":12,"column":458}},"13":{"start":{"line":12,"column":465},"end":{"line":12,"column":479}},"14":{"start":{"line":14,"column":44},"end":{"line":14,"column":195}},"15":{"start":{"line":14,"column":62},"end":{"line":14,"column":166}},"16":{"start":{"line":14,"column":176},"end":{"line":14,"column":193}},"17":{"start":{"line":14,"column":196},"end":{"line":14,"column":207}},"18":{"start":{"line":16,"column":16},"end":{"line":16,"column":18}},"19":{"start":{"line":18,"column":0},"end":{"line":20,"column":2}},"20":{"start":{"line":19,"column":2},"end":{"line":19,"column":32}},"21":{"start":{"line":22,"column":0},"end":{"line":24,"column":2}},"22":{"start":{"line":23,"column":2},"end":{"line":23,"column":35}},"23":{"start":{"line":26,"column":0},"end":{"line":28,"column":2}},"24":{"start":{"line":27,"column":2},"end":{"line":27,"column":35}},"25":{"start":{"line":30,"column":0},"end":{"line":32,"column":2}},"26":{"start":{"line":31,"column":2},"end":{"line":31,"column":97}},"27":{"start":{"line":34,"column":0},"end":{"line":36,"column":2}},"28":{"start":{"line":35,"column":2},"end":{"line":35,"column":63}},"29":{"start":{"line":38,"column":0},"end":{"line":41,"column":2}},"30":{"start":{"line":39,"column":14},"end":{"line":39,"column":84}},"31":{"start":{"line":40,"column":2},"end":{"line":40,"column":50}},"32":{"start":{"line":43,"column":0},"end":{"line":46,"column":2}},"33":{"start":{"line":44,"column":14},"end":{"line":44,"column":84}},"34":{"start":{"line":45,"column":2},"end":{"line":45,"column":49}},"35":{"start":{"line":48,"column":0},"end":{"line":51,"column":2}},"36":{"start":{"line":49,"column":14},"end":{"line":49,"column":84}},"37":{"start":{"line":50,"column":2},"end":{"line":50,"column":50}},"38":{"start":{"line":53,"column":0},"end":{"line":56,"column":2}},"39":{"start":{"line":54,"column":14},"end":{"line":54,"column":84}},"40":{"start":{"line":55,"column":2},"end":{"line":55,"column":49}},"41":{"start":{"line":58,"column":0},"end":{"line":68,"column":2}},"42":{"start":{"line":59,"column":2},"end":{"line":67,"column":4}},"43":{"start":{"line":70,"column":0},"end":{"line":86,"column":2}},"44":{"start":{"line":71,"column":2},"end":{"line":85,"column":5}},"45":{"start":{"line":72,"column":4},"end":{"line":74,"column":5}},"46":{"start":{"line":73,"column":6},"end":{"line":73,"column":19}},"47":{"start":{"line":76,"column":4},"end":{"line":78,"column":5}},"48":{"start":{"line":77,"column":6},"end":{"line":77,"column":18}},"49":{"start":{"line":80,"column":4},"end":{"line":82,"column":5}},"50":{"start":{"line":81,"column":6},"end":{"line":81,"column":18}},"51":{"start":{"line":84,"column":4},"end":{"line":84,"column":17}},"52":{"start":{"line":88,"column":0},"end":{"line":90,"column":2}},"53":{"start":{"line":89,"column":2},"end":{"line":89,"column":66}},"54":{"start":{"line":92,"column":0},"end":{"line":789,"column":2}},"55":{"start":{"line":93,"column":2},"end":{"line":93,"column":23}},"56":{"start":{"line":95,"column":2},"end":{"line":95,"column":83}},"57":{"start":{"line":97,"column":2},"end":{"line":218,"column":3}},"58":{"start":{"line":98,"column":4},"end":{"line":98,"column":46}},"59":{"start":{"line":99,"column":18},"end":{"line":99,"column":50}},"60":{"start":{"line":101,"column":24},"end":{"line":101,"column":76}},"61":{"start":{"line":102,"column":21},"end":{"line":114,"column":6}},"62":{"start":{"line":103,"column":6},"end":{"line":105,"column":7}},"63":{"start":{"line":104,"column":8},"end":{"line":104,"column":21}},"64":{"start":{"line":107,"column":17},"end":{"line":107,"column":94}},"65":{"start":{"line":109,"column":6},"end":{"line":111,"column":7}},"66":{"start":{"line":110,"column":8},"end":{"line":110,"column":20}},"67":{"start":{"line":113,"column":6},"end":{"line":113,"column":19}},"68":{"start":{"line":115,"column":20},"end":{"line":125,"column":6}},"69":{"start":{"line":116,"column":6},"end":{"line":118,"column":7}},"70":{"start":{"line":117,"column":8},"end":{"line":117,"column":21}},"71":{"start":{"line":120,"column":6},"end":{"line":124,"column":7}},"72":{"start":{"line":121,"column":8},"end":{"line":121,"column":20}},"73":{"start":{"line":123,"column":8},"end":{"line":123,"column":21}},"74":{"start":{"line":127,"column":4},"end":{"line":137,"column":5}},"75":{"start":{"line":128,"column":21},"end":{"line":128,"column":33}},"76":{"start":{"line":130,"column":16},"end":{"line":130,"column":63}},"77":{"start":{"line":132,"column":21},"end":{"line":135,"column":7}},"78":{"start":{"line":136,"column":6},"end":{"line":136,"column":56}},"79":{"start":{"line":139,"column":4},"end":{"line":144,"column":5}},"80":{"start":{"line":141,"column":14},"end":{"line":141,"column":27}},"81":{"start":{"line":142,"column":6},"end":{"line":142,"column":71}},"82":{"start":{"line":143,"column":6},"end":{"line":143,"column":86}},"83":{"start":{"line":146,"column":4},"end":{"line":148,"column":5}},"84":{"start":{"line":147,"column":6},"end":{"line":147,"column":122}},"85":{"start":{"line":150,"column":4},"end":{"line":152,"column":5}},"86":{"start":{"line":151,"column":6},"end":{"line":151,"column":35}},"87":{"start":{"line":154,"column":4},"end":{"line":166,"column":5}},"88":{"start":{"line":155,"column":6},"end":{"line":165,"column":7}},"89":{"start":{"line":156,"column":8},"end":{"line":159,"column":9}},"90":{"start":{"line":157,"column":10},"end":{"line":157,"column":127}},"91":{"start":{"line":158,"column":10},"end":{"line":158,"column":41}},"92":{"start":{"line":161,"column":8},"end":{"line":164,"column":9}},"93":{"start":{"line":162,"column":10},"end":{"line":162,"column":126}},"94":{"start":{"line":163,"column":10},"end":{"line":163,"column":41}},"95":{"start":{"line":168,"column":4},"end":{"line":172,"column":5}},"96":{"start":{"line":169,"column":19},"end":{"line":169,"column":78}},"97":{"start":{"line":171,"column":6},"end":{"line":171,"column":52}},"98":{"start":{"line":176,"column":4},"end":{"line":216,"column":5}},"99":{"start":{"line":177,"column":6},"end":{"line":177,"column":42}},"100":{"start":{"line":179,"column":20},"end":{"line":179,"column":79}},"101":{"start":{"line":181,"column":6},"end":{"line":181,"column":54}},"102":{"start":{"line":183,"column":6},"end":{"line":215,"column":7}},"103":{"start":{"line":184,"column":8},"end":{"line":194,"column":9}},"104":{"start":{"line":185,"column":24},"end":{"line":188,"column":11}},"105":{"start":{"line":190,"column":24},"end":{"line":193,"column":11}},"106":{"start":{"line":196,"column":23},"end":{"line":196,"column":64}},"107":{"start":{"line":198,"column":8},"end":{"line":198,"column":58}},"108":{"start":{"line":200,"column":8},"end":{"line":210,"column":9}},"109":{"start":{"line":201,"column":24},"end":{"line":204,"column":11}},"110":{"start":{"line":206,"column":24},"end":{"line":209,"column":11}},"111":{"start":{"line":212,"column":23},"end":{"line":212,"column":64}},"112":{"start":{"line":214,"column":8},"end":{"line":214,"column":58}},"113":{"start":{"line":220,"column":2},"end":{"line":338,"column":3}},"114":{"start":{"line":221,"column":4},"end":{"line":221,"column":45}},"115":{"start":{"line":222,"column":18},"end":{"line":222,"column":50}},"116":{"start":{"line":224,"column":24},"end":{"line":238,"column":6}},"117":{"start":{"line":225,"column":6},"end":{"line":227,"column":7}},"118":{"start":{"line":226,"column":8},"end":{"line":226,"column":21}},"119":{"start":{"line":229,"column":6},"end":{"line":231,"column":7}},"120":{"start":{"line":230,"column":8},"end":{"line":230,"column":20}},"121":{"start":{"line":233,"column":6},"end":{"line":235,"column":7}},"122":{"start":{"line":234,"column":8},"end":{"line":234,"column":20}},"123":{"start":{"line":237,"column":6},"end":{"line":237,"column":19}},"124":{"start":{"line":239,"column":21},"end":{"line":251,"column":6}},"125":{"start":{"line":240,"column":6},"end":{"line":242,"column":7}},"126":{"start":{"line":241,"column":8},"end":{"line":241,"column":21}},"127":{"start":{"line":244,"column":17},"end":{"line":244,"column":94}},"128":{"start":{"line":246,"column":6},"end":{"line":248,"column":7}},"129":{"start":{"line":247,"column":8},"end":{"line":247,"column":20}},"130":{"start":{"line":250,"column":6},"end":{"line":250,"column":19}},"131":{"start":{"line":253,"column":21},"end":{"line":263,"column":6}},"132":{"start":{"line":254,"column":6},"end":{"line":256,"column":7}},"133":{"start":{"line":255,"column":8},"end":{"line":255,"column":21}},"134":{"start":{"line":258,"column":6},"end":{"line":262,"column":7}},"135":{"start":{"line":259,"column":8},"end":{"line":259,"column":20}},"136":{"start":{"line":261,"column":8},"end":{"line":261,"column":21}},"137":{"start":{"line":265,"column":4},"end":{"line":275,"column":5}},"138":{"start":{"line":266,"column":22},"end":{"line":266,"column":35}},"139":{"start":{"line":268,"column":17},"end":{"line":268,"column":65}},"140":{"start":{"line":270,"column":22},"end":{"line":273,"column":7}},"141":{"start":{"line":274,"column":6},"end":{"line":274,"column":58}},"142":{"start":{"line":277,"column":4},"end":{"line":282,"column":5}},"143":{"start":{"line":279,"column":14},"end":{"line":279,"column":27}},"144":{"start":{"line":280,"column":6},"end":{"line":280,"column":71}},"145":{"start":{"line":281,"column":6},"end":{"line":281,"column":86}},"146":{"start":{"line":284,"column":4},"end":{"line":286,"column":5}},"147":{"start":{"line":285,"column":6},"end":{"line":285,"column":122}},"148":{"start":{"line":288,"column":4},"end":{"line":292,"column":5}},"149":{"start":{"line":289,"column":21},"end":{"line":289,"column":80}},"150":{"start":{"line":291,"column":6},"end":{"line":291,"column":56}},"151":{"start":{"line":296,"column":4},"end":{"line":336,"column":5}},"152":{"start":{"line":297,"column":6},"end":{"line":297,"column":42}},"153":{"start":{"line":299,"column":21},"end":{"line":299,"column":80}},"154":{"start":{"line":301,"column":6},"end":{"line":301,"column":56}},"155":{"start":{"line":303,"column":6},"end":{"line":335,"column":7}},"156":{"start":{"line":304,"column":8},"end":{"line":314,"column":9}},"157":{"start":{"line":305,"column":24},"end":{"line":308,"column":11}},"158":{"start":{"line":310,"column":24},"end":{"line":313,"column":11}},"159":{"start":{"line":316,"column":23},"end":{"line":316,"column":64}},"160":{"start":{"line":318,"column":8},"end":{"line":318,"column":58}},"161":{"start":{"line":320,"column":8},"end":{"line":330,"column":9}},"162":{"start":{"line":321,"column":24},"end":{"line":324,"column":11}},"163":{"start":{"line":326,"column":24},"end":{"line":329,"column":11}},"164":{"start":{"line":332,"column":24},"end":{"line":332,"column":65}},"165":{"start":{"line":334,"column":8},"end":{"line":334,"column":60}},"166":{"start":{"line":340,"column":2},"end":{"line":474,"column":3}},"167":{"start":{"line":341,"column":4},"end":{"line":341,"column":46}},"168":{"start":{"line":342,"column":18},"end":{"line":342,"column":50}},"169":{"start":{"line":344,"column":24},"end":{"line":362,"column":6}},"170":{"start":{"line":345,"column":6},"end":{"line":347,"column":7}},"171":{"start":{"line":346,"column":8},"end":{"line":346,"column":21}},"172":{"start":{"line":349,"column":6},"end":{"line":351,"column":7}},"173":{"start":{"line":350,"column":8},"end":{"line":350,"column":20}},"174":{"start":{"line":353,"column":6},"end":{"line":355,"column":7}},"175":{"start":{"line":354,"column":8},"end":{"line":354,"column":20}},"176":{"start":{"line":357,"column":6},"end":{"line":359,"column":7}},"177":{"start":{"line":358,"column":8},"end":{"line":358,"column":20}},"178":{"start":{"line":361,"column":6},"end":{"line":361,"column":19}},"179":{"start":{"line":363,"column":21},"end":{"line":375,"column":6}},"180":{"start":{"line":364,"column":6},"end":{"line":366,"column":7}},"181":{"start":{"line":365,"column":8},"end":{"line":365,"column":21}},"182":{"start":{"line":368,"column":17},"end":{"line":368,"column":94}},"183":{"start":{"line":370,"column":6},"end":{"line":372,"column":7}},"184":{"start":{"line":371,"column":8},"end":{"line":371,"column":20}},"185":{"start":{"line":374,"column":6},"end":{"line":374,"column":19}},"186":{"start":{"line":377,"column":22},"end":{"line":387,"column":6}},"187":{"start":{"line":378,"column":6},"end":{"line":380,"column":7}},"188":{"start":{"line":379,"column":8},"end":{"line":379,"column":21}},"189":{"start":{"line":382,"column":6},"end":{"line":386,"column":7}},"190":{"start":{"line":383,"column":8},"end":{"line":383,"column":20}},"191":{"start":{"line":385,"column":8},"end":{"line":385,"column":21}},"192":{"start":{"line":389,"column":4},"end":{"line":399,"column":5}},"193":{"start":{"line":390,"column":23},"end":{"line":390,"column":37}},"194":{"start":{"line":392,"column":18},"end":{"line":392,"column":67}},"195":{"start":{"line":394,"column":23},"end":{"line":397,"column":7}},"196":{"start":{"line":398,"column":6},"end":{"line":398,"column":60}},"197":{"start":{"line":401,"column":4},"end":{"line":406,"column":5}},"198":{"start":{"line":403,"column":14},"end":{"line":403,"column":27}},"199":{"start":{"line":404,"column":6},"end":{"line":404,"column":71}},"200":{"start":{"line":405,"column":6},"end":{"line":405,"column":86}},"201":{"start":{"line":408,"column":4},"end":{"line":410,"column":5}},"202":{"start":{"line":409,"column":6},"end":{"line":409,"column":122}},"203":{"start":{"line":412,"column":4},"end":{"line":414,"column":5}},"204":{"start":{"line":413,"column":6},"end":{"line":413,"column":35}},"205":{"start":{"line":416,"column":4},"end":{"line":428,"column":5}},"206":{"start":{"line":417,"column":6},"end":{"line":427,"column":7}},"207":{"start":{"line":418,"column":8},"end":{"line":421,"column":9}},"208":{"start":{"line":419,"column":10},"end":{"line":419,"column":127}},"209":{"start":{"line":420,"column":10},"end":{"line":420,"column":41}},"210":{"start":{"line":423,"column":8},"end":{"line":426,"column":9}},"211":{"start":{"line":424,"column":10},"end":{"line":424,"column":126}},"212":{"start":{"line":425,"column":10},"end":{"line":425,"column":41}},"213":{"start":{"line":432,"column":4},"end":{"line":472,"column":5}},"214":{"start":{"line":433,"column":6},"end":{"line":433,"column":42}},"215":{"start":{"line":435,"column":21},"end":{"line":435,"column":80}},"216":{"start":{"line":437,"column":6},"end":{"line":437,"column":56}},"217":{"start":{"line":439,"column":6},"end":{"line":471,"column":7}},"218":{"start":{"line":440,"column":8},"end":{"line":450,"column":9}},"219":{"start":{"line":441,"column":24},"end":{"line":444,"column":11}},"220":{"start":{"line":446,"column":24},"end":{"line":449,"column":11}},"221":{"start":{"line":452,"column":24},"end":{"line":452,"column":65}},"222":{"start":{"line":454,"column":8},"end":{"line":454,"column":60}},"223":{"start":{"line":456,"column":8},"end":{"line":466,"column":9}},"224":{"start":{"line":457,"column":24},"end":{"line":460,"column":11}},"225":{"start":{"line":462,"column":24},"end":{"line":465,"column":11}},"226":{"start":{"line":468,"column":24},"end":{"line":468,"column":65}},"227":{"start":{"line":470,"column":8},"end":{"line":470,"column":60}},"228":{"start":{"line":476,"column":2},"end":{"line":788,"column":3}},"229":{"start":{"line":477,"column":4},"end":{"line":477,"column":45}},"230":{"start":{"line":478,"column":22},"end":{"line":478,"column":54}},"231":{"start":{"line":479,"column":25},"end":{"line":489,"column":6}},"232":{"start":{"line":480,"column":6},"end":{"line":482,"column":7}},"233":{"start":{"line":481,"column":8},"end":{"line":481,"column":21}},"234":{"start":{"line":484,"column":6},"end":{"line":486,"column":7}},"235":{"start":{"line":485,"column":8},"end":{"line":485,"column":20}},"236":{"start":{"line":488,"column":6},"end":{"line":488,"column":19}},"237":{"start":{"line":491,"column":4},"end":{"line":500,"column":5}},"238":{"start":{"line":492,"column":6},"end":{"line":492,"column":39}},"239":{"start":{"line":495,"column":6},"end":{"line":499,"column":7}},"240":{"start":{"line":496,"column":8},"end":{"line":496,"column":40}},"241":{"start":{"line":498,"column":8},"end":{"line":498,"column":41}},"242":{"start":{"line":502,"column":4},"end":{"line":526,"column":5}},"243":{"start":{"line":503,"column":6},"end":{"line":505,"column":7}},"244":{"start":{"line":504,"column":8},"end":{"line":504,"column":133}},"245":{"start":{"line":507,"column":6},"end":{"line":512,"column":7}},"246":{"start":{"line":508,"column":8},"end":{"line":508,"column":127}},"247":{"start":{"line":509,"column":8},"end":{"line":509,"column":85}},"248":{"start":{"line":510,"column":8},"end":{"line":510,"column":41}},"249":{"start":{"line":511,"column":8},"end":{"line":511,"column":35}},"250":{"start":{"line":514,"column":21},"end":{"line":514,"column":88}},"251":{"start":{"line":516,"column":6},"end":{"line":523,"column":7}},"252":{"start":{"line":517,"column":8},"end":{"line":522,"column":9}},"253":{"start":{"line":518,"column":10},"end":{"line":521,"column":11}},"254":{"start":{"line":519,"column":12},"end":{"line":519,"column":38}},"255":{"start":{"line":520,"column":12},"end":{"line":520,"column":63}},"256":{"start":{"line":525,"column":6},"end":{"line":525,"column":56}},"257":{"start":{"line":529,"column":4},"end":{"line":539,"column":5}},"258":{"start":{"line":530,"column":6},"end":{"line":538,"column":12}},"259":{"start":{"line":531,"column":8},"end":{"line":533,"column":9}},"260":{"start":{"line":532,"column":10},"end":{"line":532,"column":22}},"261":{"start":{"line":535,"column":8},"end":{"line":537,"column":9}},"262":{"start":{"line":536,"column":10},"end":{"line":536,"column":22}},"263":{"start":{"line":542,"column":4},"end":{"line":554,"column":5}},"264":{"start":{"line":544,"column":6},"end":{"line":551,"column":7}},"265":{"start":{"line":545,"column":8},"end":{"line":545,"column":84}},"266":{"start":{"line":548,"column":8},"end":{"line":548,"column":118}},"267":{"start":{"line":550,"column":8},"end":{"line":550,"column":123}},"268":{"start":{"line":553,"column":6},"end":{"line":553,"column":71}},"269":{"start":{"line":557,"column":4},"end":{"line":570,"column":5}},"270":{"start":{"line":558,"column":6},"end":{"line":558,"column":55}},"271":{"start":{"line":560,"column":6},"end":{"line":564,"column":7}},"272":{"start":{"line":561,"column":8},"end":{"line":561,"column":73}},"273":{"start":{"line":562,"column":8},"end":{"line":562,"column":61}},"274":{"start":{"line":563,"column":8},"end":{"line":563,"column":175}},"275":{"start":{"line":566,"column":6},"end":{"line":569,"column":7}},"276":{"start":{"line":567,"column":8},"end":{"line":567,"column":47}},"277":{"start":{"line":568,"column":8},"end":{"line":568,"column":36}},"278":{"start":{"line":573,"column":19},"end":{"line":573,"column":78}},"279":{"start":{"line":575,"column":4},"end":{"line":575,"column":54}},"280":{"start":{"line":576,"column":9},"end":{"line":788,"column":3}},"281":{"start":{"line":577,"column":18},"end":{"line":577,"column":50}},"282":{"start":{"line":579,"column":26},"end":{"line":595,"column":6}},"283":{"start":{"line":580,"column":6},"end":{"line":580,"column":38}},"284":{"start":{"line":582,"column":6},"end":{"line":584,"column":7}},"285":{"start":{"line":583,"column":8},"end":{"line":583,"column":21}},"286":{"start":{"line":586,"column":6},"end":{"line":588,"column":7}},"287":{"start":{"line":587,"column":8},"end":{"line":587,"column":20}},"288":{"start":{"line":590,"column":6},"end":{"line":592,"column":7}},"289":{"start":{"line":591,"column":8},"end":{"line":591,"column":41}},"290":{"start":{"line":594,"column":6},"end":{"line":594,"column":19}},"291":{"start":{"line":598,"column":4},"end":{"line":600,"column":5}},"292":{"start":{"line":599,"column":6},"end":{"line":599,"column":40}},"293":{"start":{"line":602,"column":4},"end":{"line":610,"column":5}},"294":{"start":{"line":603,"column":6},"end":{"line":605,"column":7}},"295":{"start":{"line":604,"column":8},"end":{"line":604,"column":33}},"296":{"start":{"line":607,"column":6},"end":{"line":609,"column":7}},"297":{"start":{"line":608,"column":8},"end":{"line":608,"column":33}},"298":{"start":{"line":612,"column":4},"end":{"line":620,"column":5}},"299":{"start":{"line":613,"column":6},"end":{"line":619,"column":7}},"300":{"start":{"line":614,"column":8},"end":{"line":614,"column":35}},"301":{"start":{"line":615,"column":8},"end":{"line":615,"column":42}},"302":{"start":{"line":617,"column":8},"end":{"line":617,"column":35}},"303":{"start":{"line":618,"column":8},"end":{"line":618,"column":42}},"304":{"start":{"line":622,"column":4},"end":{"line":634,"column":5}},"305":{"start":{"line":623,"column":6},"end":{"line":623,"column":46}},"306":{"start":{"line":624,"column":6},"end":{"line":624,"column":36}},"307":{"start":{"line":625,"column":20},"end":{"line":625,"column":90}},"308":{"start":{"line":626,"column":21},"end":{"line":626,"column":72}},"309":{"start":{"line":628,"column":6},"end":{"line":630,"column":7}},"310":{"start":{"line":629,"column":8},"end":{"line":629,"column":39}},"311":{"start":{"line":632,"column":6},"end":{"line":632,"column":41}},"312":{"start":{"line":633,"column":6},"end":{"line":633,"column":78}},"313":{"start":{"line":636,"column":4},"end":{"line":649,"column":5}},"314":{"start":{"line":637,"column":6},"end":{"line":637,"column":47}},"315":{"start":{"line":638,"column":6},"end":{"line":638,"column":36}},"316":{"start":{"line":640,"column":6},"end":{"line":642,"column":7}},"317":{"start":{"line":641,"column":8},"end":{"line":641,"column":37}},"318":{"start":{"line":644,"column":22},"end":{"line":644,"column":92}},"319":{"start":{"line":646,"column":21},"end":{"line":646,"column":76}},"320":{"start":{"line":648,"column":6},"end":{"line":648,"column":79}},"321":{"start":{"line":651,"column":4},"end":{"line":664,"column":5}},"322":{"start":{"line":652,"column":6},"end":{"line":652,"column":47}},"323":{"start":{"line":653,"column":6},"end":{"line":653,"column":35}},"324":{"start":{"line":655,"column":6},"end":{"line":657,"column":7}},"325":{"start":{"line":656,"column":8},"end":{"line":656,"column":37}},"326":{"start":{"line":659,"column":22},"end":{"line":659,"column":92}},"327":{"start":{"line":661,"column":21},"end":{"line":661,"column":76}},"328":{"start":{"line":663,"column":6},"end":{"line":663,"column":79}},"329":{"start":{"line":666,"column":4},"end":{"line":681,"column":5}},"330":{"start":{"line":667,"column":6},"end":{"line":667,"column":47}},"331":{"start":{"line":668,"column":6},"end":{"line":668,"column":36}},"332":{"start":{"line":670,"column":6},"end":{"line":672,"column":7}},"333":{"start":{"line":671,"column":8},"end":{"line":671,"column":37}},"334":{"start":{"line":674,"column":22},"end":{"line":674,"column":92}},"335":{"start":{"line":676,"column":21},"end":{"line":676,"column":76}},"336":{"start":{"line":678,"column":6},"end":{"line":678,"column":79}},"337":{"start":{"line":680,"column":6},"end":{"line":680,"column":76}},"338":{"start":{"line":682,"column":9},"end":{"line":788,"column":3}},"339":{"start":{"line":683,"column":18},"end":{"line":683,"column":50}},"340":{"start":{"line":685,"column":26},"end":{"line":701,"column":6}},"341":{"start":{"line":686,"column":6},"end":{"line":686,"column":38}},"342":{"start":{"line":688,"column":6},"end":{"line":690,"column":7}},"343":{"start":{"line":689,"column":8},"end":{"line":689,"column":21}},"344":{"start":{"line":692,"column":6},"end":{"line":694,"column":7}},"345":{"start":{"line":693,"column":8},"end":{"line":693,"column":20}},"346":{"start":{"line":696,"column":6},"end":{"line":698,"column":7}},"347":{"start":{"line":697,"column":8},"end":{"line":697,"column":41}},"348":{"start":{"line":700,"column":6},"end":{"line":700,"column":19}},"349":{"start":{"line":703,"column":4},"end":{"line":705,"column":5}},"350":{"start":{"line":704,"column":6},"end":{"line":704,"column":40}},"351":{"start":{"line":707,"column":4},"end":{"line":715,"column":5}},"352":{"start":{"line":708,"column":6},"end":{"line":710,"column":7}},"353":{"start":{"line":709,"column":8},"end":{"line":709,"column":33}},"354":{"start":{"line":712,"column":6},"end":{"line":714,"column":7}},"355":{"start":{"line":713,"column":8},"end":{"line":713,"column":33}},"356":{"start":{"line":717,"column":4},"end":{"line":725,"column":5}},"357":{"start":{"line":718,"column":6},"end":{"line":724,"column":7}},"358":{"start":{"line":719,"column":8},"end":{"line":719,"column":35}},"359":{"start":{"line":720,"column":8},"end":{"line":720,"column":42}},"360":{"start":{"line":722,"column":8},"end":{"line":722,"column":35}},"361":{"start":{"line":723,"column":8},"end":{"line":723,"column":42}},"362":{"start":{"line":727,"column":4},"end":{"line":740,"column":5}},"363":{"start":{"line":728,"column":6},"end":{"line":728,"column":46}},"364":{"start":{"line":729,"column":6},"end":{"line":729,"column":36}},"365":{"start":{"line":730,"column":22},"end":{"line":730,"column":92}},"366":{"start":{"line":732,"column":22},"end":{"line":732,"column":77}},"367":{"start":{"line":734,"column":6},"end":{"line":736,"column":7}},"368":{"start":{"line":735,"column":8},"end":{"line":735,"column":39}},"369":{"start":{"line":738,"column":6},"end":{"line":738,"column":41}},"370":{"start":{"line":739,"column":6},"end":{"line":739,"column":80}},"371":{"start":{"line":742,"column":4},"end":{"line":755,"column":5}},"372":{"start":{"line":743,"column":6},"end":{"line":743,"column":47}},"373":{"start":{"line":744,"column":6},"end":{"line":744,"column":36}},"374":{"start":{"line":746,"column":6},"end":{"line":748,"column":7}},"375":{"start":{"line":747,"column":8},"end":{"line":747,"column":37}},"376":{"start":{"line":750,"column":22},"end":{"line":750,"column":92}},"377":{"start":{"line":752,"column":22},"end":{"line":752,"column":77}},"378":{"start":{"line":754,"column":6},"end":{"line":754,"column":81}},"379":{"start":{"line":757,"column":4},"end":{"line":770,"column":5}},"380":{"start":{"line":758,"column":6},"end":{"line":758,"column":47}},"381":{"start":{"line":759,"column":6},"end":{"line":759,"column":35}},"382":{"start":{"line":761,"column":6},"end":{"line":763,"column":7}},"383":{"start":{"line":762,"column":8},"end":{"line":762,"column":37}},"384":{"start":{"line":765,"column":23},"end":{"line":765,"column":93}},"385":{"start":{"line":767,"column":22},"end":{"line":767,"column":79}},"386":{"start":{"line":769,"column":6},"end":{"line":769,"column":81}},"387":{"start":{"line":772,"column":4},"end":{"line":787,"column":5}},"388":{"start":{"line":773,"column":6},"end":{"line":773,"column":47}},"389":{"start":{"line":774,"column":6},"end":{"line":774,"column":36}},"390":{"start":{"line":776,"column":6},"end":{"line":778,"column":7}},"391":{"start":{"line":777,"column":8},"end":{"line":777,"column":37}},"392":{"start":{"line":780,"column":23},"end":{"line":780,"column":93}},"393":{"start":{"line":782,"column":22},"end":{"line":782,"column":79}},"394":{"start":{"line":784,"column":6},"end":{"line":784,"column":81}},"395":{"start":{"line":786,"column":6},"end":{"line":786,"column":76}},"396":{"start":{"line":791,"column":15},"end":{"line":791,"column":24}},"397":{"start":{"line":792,"column":0},"end":{"line":792,"column":27}}},"fnMap":{"0":{"name":"_interopRequireDefault","decl":{"start":{"line":10,"column":9},"end":{"line":10,"column":31}},"loc":{"start":{"line":10,"column":37},"end":{"line":10,"column":95}},"line":10},"1":{"name":"_objectSpread","decl":{"start":{"line":12,"column":9},"end":{"line":12,"column":22}},"loc":{"start":{"line":12,"column":31},"end":{"line":12,"column":481}},"line":12},"2":{"name":"(anonymous_2)","decl":{"start":{"line":12,"column":295},"end":{"line":12,"column":296}},"loc":{"start":{"line":12,"column":310},"end":{"line":12,"column":377}},"line":12},"3":{"name":"(anonymous_3)","decl":{"start":{"line":12,"column":399},"end":{"line":12,"column":400}},"loc":{"start":{"line":12,"column":414},"end":{"line":12,"column":460}},"line":12},"4":{"name":"_defineProperty","decl":{"start":{"line":14,"column":9},"end":{"line":14,"column":24}},"loc":{"start":{"line":14,"column":42},"end":{"line":14,"column":209}},"line":14},"5":{"name":"(anonymous_5)","decl":{"start":{"line":18,"column":37},"end":{"line":18,"column":38}},"loc":{"start":{"line":18,"column":62},"end":{"line":20,"column":1}},"line":18},"6":{"name":"(anonymous_6)","decl":{"start":{"line":22,"column":25},"end":{"line":22,"column":26}},"loc":{"start":{"line":22,"column":50},"end":{"line":24,"column":1}},"line":22},"7":{"name":"(anonymous_7)","decl":{"start":{"line":26,"column":23},"end":{"line":26,"column":24}},"loc":{"start":{"line":26,"column":48},"end":{"line":28,"column":1}},"line":26},"8":{"name":"(anonymous_8)","decl":{"start":{"line":30,"column":23},"end":{"line":30,"column":24}},"loc":{"start":{"line":30,"column":48},"end":{"line":32,"column":1}},"line":30},"9":{"name":"(anonymous_9)","decl":{"start":{"line":34,"column":26},"end":{"line":34,"column":27}},"loc":{"start":{"line":34,"column":51},"end":{"line":36,"column":1}},"line":34},"10":{"name":"(anonymous_10)","decl":{"start":{"line":38,"column":23},"end":{"line":38,"column":24}},"loc":{"start":{"line":38,"column":48},"end":{"line":41,"column":1}},"line":38},"11":{"name":"(anonymous_11)","decl":{"start":{"line":43,"column":22},"end":{"line":43,"column":23}},"loc":{"start":{"line":43,"column":47},"end":{"line":46,"column":1}},"line":43},"12":{"name":"(anonymous_12)","decl":{"start":{"line":48,"column":23},"end":{"line":48,"column":24}},"loc":{"start":{"line":48,"column":48},"end":{"line":51,"column":1}},"line":48},"13":{"name":"(anonymous_13)","decl":{"start":{"line":53,"column":22},"end":{"line":53,"column":23}},"loc":{"start":{"line":53,"column":47},"end":{"line":56,"column":1}},"line":53},"14":{"name":"(anonymous_14)","decl":{"start":{"line":58,"column":31},"end":{"line":58,"column":32}},"loc":{"start":{"line":58,"column":56},"end":{"line":68,"column":1}},"line":58},"15":{"name":"(anonymous_15)","decl":{"start":{"line":70,"column":33},"end":{"line":70,"column":34}},"loc":{"start":{"line":70,"column":65},"end":{"line":86,"column":1}},"line":70},"16":{"name":"(anonymous_16)","decl":{"start":{"line":71,"column":57},"end":{"line":71,"column":58}},"loc":{"start":{"line":71,"column":70},"end":{"line":85,"column":3}},"line":71},"17":{"name":"(anonymous_17)","decl":{"start":{"line":88,"column":28},"end":{"line":88,"column":29}},"loc":{"start":{"line":88,"column":68},"end":{"line":90,"column":1}},"line":88},"18":{"name":"(anonymous_18)","decl":{"start":{"line":92,"column":21},"end":{"line":92,"column":22}},"loc":{"start":{"line":92,"column":46},"end":{"line":789,"column":1}},"line":92},"19":{"name":"(anonymous_19)","decl":{"start":{"line":102,"column":36},"end":{"line":102,"column":37}},"loc":{"start":{"line":102,"column":49},"end":{"line":114,"column":5}},"line":102},"20":{"name":"(anonymous_20)","decl":{"start":{"line":115,"column":35},"end":{"line":115,"column":36}},"loc":{"start":{"line":115,"column":48},"end":{"line":125,"column":5}},"line":115},"21":{"name":"(anonymous_21)","decl":{"start":{"line":224,"column":39},"end":{"line":224,"column":40}},"loc":{"start":{"line":224,"column":52},"end":{"line":238,"column":5}},"line":224},"22":{"name":"(anonymous_22)","decl":{"start":{"line":239,"column":36},"end":{"line":239,"column":37}},"loc":{"start":{"line":239,"column":49},"end":{"line":251,"column":5}},"line":239},"23":{"name":"(anonymous_23)","decl":{"start":{"line":253,"column":36},"end":{"line":253,"column":37}},"loc":{"start":{"line":253,"column":49},"end":{"line":263,"column":5}},"line":253},"24":{"name":"(anonymous_24)","decl":{"start":{"line":344,"column":39},"end":{"line":344,"column":40}},"loc":{"start":{"line":344,"column":52},"end":{"line":362,"column":5}},"line":344},"25":{"name":"(anonymous_25)","decl":{"start":{"line":363,"column":36},"end":{"line":363,"column":37}},"loc":{"start":{"line":363,"column":49},"end":{"line":375,"column":5}},"line":363},"26":{"name":"(anonymous_26)","decl":{"start":{"line":377,"column":37},"end":{"line":377,"column":38}},"loc":{"start":{"line":377,"column":50},"end":{"line":387,"column":5}},"line":377},"27":{"name":"(anonymous_27)","decl":{"start":{"line":479,"column":44},"end":{"line":479,"column":45}},"loc":{"start":{"line":479,"column":57},"end":{"line":489,"column":5}},"line":479},"28":{"name":"(anonymous_28)","decl":{"start":{"line":530,"column":48},"end":{"line":530,"column":49}},"loc":{"start":{"line":530,"column":65},"end":{"line":538,"column":7}},"line":530},"29":{"name":"(anonymous_29)","decl":{"start":{"line":544,"column":29},"end":{"line":544,"column":30}},"loc":{"start":{"line":544,"column":46},"end":{"line":546,"column":7}},"line":544},"30":{"name":"(anonymous_30)","decl":{"start":{"line":579,"column":41},"end":{"line":579,"column":42}},"loc":{"start":{"line":579,"column":54},"end":{"line":595,"column":5}},"line":579},"31":{"name":"(anonymous_31)","decl":{"start":{"line":685,"column":41},"end":{"line":685,"column":42}},"loc":{"start":{"line":685,"column":54},"end":{"line":701,"column":5}},"line":685}},"branchMap":{"0":{"loc":{"start":{"line":10,"column":46},"end":{"line":10,"column":92}},"type":"cond-expr","locations":[{"start":{"line":10,"column":70},"end":{"line":10,"column":73}},{"start":{"line":10,"column":76},"end":{"line":10,"column":92}}],"line":10},"1":{"loc":{"start":{"line":10,"column":46},"end":{"line":10,"column":67}},"type":"binary-expr","locations":[{"start":{"line":10,"column":46},"end":{"line":10,"column":49}},{"start":{"line":10,"column":53},"end":{"line":10,"column":67}}],"line":10},"2":{"loc":{"start":{"line":12,"column":91},"end":{"line":12,"column":131}},"type":"cond-expr","locations":[{"start":{"line":12,"column":114},"end":{"line":12,"column":126}},{"start":{"line":12,"column":129},"end":{"line":12,"column":131}}],"line":12},"3":{"loc":{"start":{"line":12,"column":168},"end":{"line":12,"column":382}},"type":"if","locations":[{"start":{"line":12,"column":168},"end":{"line":12,"column":382}},{"start":{"line":12,"column":168},"end":{"line":12,"column":382}}],"line":12},"4":{"loc":{"start":{"line":14,"column":44},"end":{"line":14,"column":195}},"type":"if","locations":[{"start":{"line":14,"column":44},"end":{"line":14,"column":195}},{"start":{"line":14,"column":44},"end":{"line":14,"column":195}}],"line":14},"5":{"loc":{"start":{"line":31,"column":9},"end":{"line":31,"column":96}},"type":"cond-expr","locations":[{"start":{"line":31,"column":49},"end":{"line":31,"column":92}},{"start":{"line":31,"column":95},"end":{"line":31,"column":96}}],"line":31},"6":{"loc":{"start":{"line":31,"column":49},"end":{"line":31,"column":92}},"type":"cond-expr","locations":[{"start":{"line":31,"column":87},"end":{"line":31,"column":88}},{"start":{"line":31,"column":91},"end":{"line":31,"column":92}}],"line":31},"7":{"loc":{"start":{"line":35,"column":9},"end":{"line":35,"column":62}},"type":"cond-expr","locations":[{"start":{"line":35,"column":49},"end":{"line":35,"column":58}},{"start":{"line":35,"column":61},"end":{"line":35,"column":62}}],"line":35},"8":{"loc":{"start":{"line":39,"column":14},"end":{"line":39,"column":84}},"type":"cond-expr","locations":[{"start":{"line":39,"column":67},"end":{"line":39,"column":79}},{"start":{"line":39,"column":82},"end":{"line":39,"column":84}}],"line":39},"9":{"loc":{"start":{"line":39,"column":14},"end":{"line":39,"column":64}},"type":"binary-expr","locations":[{"start":{"line":39,"column":14},"end":{"line":39,"column":34}},{"start":{"line":39,"column":38},"end":{"line":39,"column":64}}],"line":39},"10":{"loc":{"start":{"line":44,"column":14},"end":{"line":44,"column":84}},"type":"cond-expr","locations":[{"start":{"line":44,"column":67},"end":{"line":44,"column":79}},{"start":{"line":44,"column":82},"end":{"line":44,"column":84}}],"line":44},"11":{"loc":{"start":{"line":44,"column":14},"end":{"line":44,"column":64}},"type":"binary-expr","locations":[{"start":{"line":44,"column":14},"end":{"line":44,"column":34}},{"start":{"line":44,"column":38},"end":{"line":44,"column":64}}],"line":44},"12":{"loc":{"start":{"line":49,"column":14},"end":{"line":49,"column":84}},"type":"cond-expr","locations":[{"start":{"line":49,"column":67},"end":{"line":49,"column":79}},{"start":{"line":49,"column":82},"end":{"line":49,"column":84}}],"line":49},"13":{"loc":{"start":{"line":49,"column":14},"end":{"line":49,"column":64}},"type":"binary-expr","locations":[{"start":{"line":49,"column":14},"end":{"line":49,"column":34}},{"start":{"line":49,"column":38},"end":{"line":49,"column":64}}],"line":49},"14":{"loc":{"start":{"line":54,"column":14},"end":{"line":54,"column":84}},"type":"cond-expr","locations":[{"start":{"line":54,"column":67},"end":{"line":54,"column":79}},{"start":{"line":54,"column":82},"end":{"line":54,"column":84}}],"line":54},"15":{"loc":{"start":{"line":54,"column":14},"end":{"line":54,"column":64}},"type":"binary-expr","locations":[{"start":{"line":54,"column":14},"end":{"line":54,"column":34}},{"start":{"line":54,"column":38},"end":{"line":54,"column":64}}],"line":54},"16":{"loc":{"start":{"line":71,"column":10},"end":{"line":71,"column":48}},"type":"binary-expr","locations":[{"start":{"line":71,"column":10},"end":{"line":71,"column":42}},{"start":{"line":71,"column":46},"end":{"line":71,"column":48}}],"line":71},"17":{"loc":{"start":{"line":72,"column":4},"end":{"line":74,"column":5}},"type":"if","locations":[{"start":{"line":72,"column":4
[...]
},"113":{"loc":{"start":{"line":544,"column":6},"end":{"line":551,"column":7}},"type":"if","locations":[{"start":{"line":544,"column":6},"end":{"line":551,"column":7}},{"start":{"line":544,"column":6},"end":{"line":551,"column":7}}],"line":544},"114":{"loc":{"start":{"line":545,"column":15},"end":{"line":545,"column":83}},"type":"binary-expr","locations":[{"start":{"line":545,"column":15},"end":{"line":545,"column":51}},{"start":{"line":545,"column":55},"end":{"line":545,"column":83}}],"line":545},"115":{"loc":{"start":{"line":557,"column":4},"end":{"line":570,"column":5}},"type":"if","locations":[{"start":{"line":557,"column":4},"end":{"line":570,"column":5}},{"start":{"line":557,"column":4},"end":{"line":570,"column":5}}],"line":557},"116":{"loc":{"start":{"line":557,"column":8},"end":{"line":557,"column":170}},"type":"binary-expr","locations":[{"start":{"line":557,"column":8},"end":{"line":557,"column":92}},{"start":{"line":557,"column":96},"end":{"line":557,"column":170}}],"line":557},"117":{"loc":{"start":{"line":560,"column":6},"end":{"line":564,"column":7}},"type":"if","locations":[{"start":{"line":560,"column":6},"end":{"line":564,"column":7}},{"start":{"line":560,"column":6},"end":{"line":564,"column":7}}],"line":560},"118":{"loc":{"start":{"line":566,"column":6},"end":{"line":569,"column":7}},"type":"if","locations":[{"start":{"line":566,"column":6},"end":{"line":569,"column":7}},{"start":{"line":566,"column":6},"end":{"line":569,"column":7}}],"line":566},"119":{"loc":{"start":{"line":576,"column":9},"end":{"line":788,"column":3}},"type":"if","locations":[{"start":{"line":576,"column":9},"end":{"line":788,"column":3}},{"start":{"line":576,"column":9},"end":{"line":788,"column":3}}],"line":576},"120":{"loc":{"start":{"line":582,"column":6},"end":{"line":584,"column":7}},"type":"if","locations":[{"start":{"line":582,"column":6},"end":{"line":584,"column":7}},{"start":{"line":582,"column":6},"end":{"line":584,"column":7}}],"line":582},"121":{"loc":{"start":{"line":586,"column":6},"end":{"line":588,"column":7}},"type":"if","locations":[{"start":{"line":586,"column":6},"end":{"line":588,"column":7}},{"start":{"line":586,"column":6},"end":{"line":588,"column":7}}],"line":586},"122":{"loc":{"start":{"line":586,"column":10},"end":{"line":586,"column":70}},"type":"binary-expr","locations":[{"start":{"line":586,"column":10},"end":{"line":586,"column":42}},{"start":{"line":586,"column":46},"end":{"line":586,"column":70}}],"line":586},"123":{"loc":{"start":{"line":590,"column":6},"end":{"line":592,"column":7}},"type":"if","locations":[{"start":{"line":590,"column":6},"end":{"line":592,"column":7}},{"start":{"line":590,"column":6},"end":{"line":592,"column":7}}],"line":590},"124":{"loc":{"start":{"line":590,"column":10},"end":{"line":590,"column":69}},"type":"binary-expr","locations":[{"start":{"line":590,"column":10},"end":{"line":590,"column":42}},{"start":{"line":590,"column":46},"end":{"line":590,"column":69}}],"line":590},"125":{"loc":{"start":{"line":598,"column":4},"end":{"line":600,"column":5}},"type":"if","locations":[{"start":{"line":598,"column":4},"end":{"line":600,"column":5}},{"start":{"line":598,"column":4},"end":{"line":600,"column":5}}],"line":598},"126":{"loc":{"start":{"line":602,"column":4},"end":{"line":610,"column":5}},"type":"if","locations":[{"start":{"line":602,"column":4},"end":{"line":610,"column":5}},{"start":{"line":602,"column":4},"end":{"line":610,"column":5}}],"line":602},"127":{"loc":{"start":{"line":602,"column":8},"end":{"line":602,"column":65}},"type":"binary-expr","locations":[{"start":{"line":602,"column":8},"end":{"line":602,"column":37}},{"start":{"line":602,"column":41},"end":{"line":602,"column":65}}],"line":602},"128":{"loc":{"start":{"line":603,"column":6},"end":{"line":605,"column":7}},"type":"if","locations":[{"start":{"line":603,"column":6},"end":{"line":605,"column":7}},{"start":{"line":603,"column":6},"end":{"line":605,"column":7}}],"line":603},"129":{"loc":{"start":{"line":607,"column":6},"end":{"line":609,"column":7}},"type":"if","locations":[{"start":{"line":607,"column":6},"end":{"line":609,"column":7}},{"start":{"line":607,"column":6},"end":{"line":609,"column":7}}],"line":607},"130":{"loc":{"start":{"line":612,"column":4},"end":{"line":620,"column":5}},"type":"if","locations":[{"start":{"line":612,"column":4},"end":{"line":620,"column":5}},{"start":{"line":612,"column":4},"end":{"line":620,"column":5}}],"line":612},"131":{"loc":{"start":{"line":612,"column":8},"end":{"line":612,"column":64}},"type":"binary-expr","locations":[{"start":{"line":612,"column":8},"end":{"line":612,"column":34}},{"start":{"line":612,"column":38},"end":{"line":612,"column":64}}],"line":612},"132":{"loc":{"start":{"line":613,"column":6},"end":{"line":619,"column":7}},"type":"if","locations":[{"start":{"line":613,"column":6},"end":{"line":619,"column":7}},{"start":{"line":613,"column":6},"end":{"line":619,"column":7}}],"line":613},"133":{"loc":{"start":{"line":622,"column":4},"end":{"line":634,"column":5}},"type":"if","locations":[{"start":{"line":622,"column":4},"end":{"line":634,"column":5}},{"start":{"line":622,"column":4},"end":{"line":634,"column":5}}],"line":622},"134":{"loc":{"start":{"line":622,"column":8},"end":{"line":622,"column":93}},"type":"binary-expr","locations":[{"start":{"line":622,"column":8},"end":{"line":622,"column":63}},{"start":{"line":622,"column":67},"end":{"line":622,"column":93}}],"line":622},"135":{"loc":{"start":{"line":628,"column":6},"end":{"line":630,"column":7}},"type":"if","locations":[{"start":{"line":628,"column":6},"end":{"line":630,"column":7}},{"start":{"line":628,"column":6},"end":{"line":630,"column":7}}],"line":628},"136":{"loc":{"start":{"line":636,"column":4},"end":{"line":649,"column":5}},"type":"if","locations":[{"start":{"line":636,"column":4},"end":{"line":649,"column":5}},{"start":{"line":636,"column":4},"end":{"line":649,"column":5}}],"line":636},"137":{"loc":{"start":{"line":636,"column":8},"end":{"line":636,"column":128}},"type":"binary-expr","locations":[{"start":{"line":636,"column":8},"end":{"line":636,"column":63}},{"start":{"line":636,"column":67},"end":{"line":636,"column":95}},{"start":{"line":636,"column":99},"end":{"line":636,"column":128}}],"line":636},"138":{"loc":{"start":{"line":640,"column":6},"end":{"line":642,"column":7}},"type":"if","locations":[{"start":{"line":640,"column":6},"end":{"line":642,"column":7}},{"start":{"line":640,"column":6},"end":{"line":642,"column":7}}],"line":640},"139":{"loc":{"start":{"line":651,"column":4},"end":{"line":664,"column":5}},"type":"if","locations":[{"start":{"line":651,"column":4},"end":{"line":664,"column":5}},{"start":{"line":651,"column":4},"end":{"line":664,"column":5}}],"line":651},"140":{"loc":{"start":{"line":651,"column":8},"end":{"line":651,"column":128}},"type":"binary-expr","locations":[{"start":{"line":651,"column":8},"end":{"line":651,"column":63}},{"start":{"line":651,"column":67},"end":{"line":651,"column":95}},{"start":{"line":651,"column":99},"end":{"line":651,"column":128}}],"line":651},"141":{"loc":{"start":{"line":655,"column":6},"end":{"line":657,"column":7}},"type":"if","locations":[{"start":{"line":655,"column":6},"end":{"line":657,"column":7}},{"start":{"line":655,"column":6},"end":{"line":657,"column":7}}],"line":655},"142":{"loc":{"start":{"line":666,"column":4},"end":{"line":681,"column":5}},"type":"if","locations":[{"start":{"line":666,"column":4},"end":{"line":681,"column":5}},{"start":{"line":666,"column":4},"end":{"line":681,"column":5}}],"line":666},"143":{"loc":{"start":{"line":666,"column":8},"end":{"line":666,"column":128}},"type":"binary-expr","locations":[{"start":{"line":666,"column":8},"end":{"line":666,"column":63}},{"start":{"line":666,"column":67},"end":{"line":666,"column":95}},{"start":{"line":666,"column":99},"end":{"line":666,"column":128}}],"line":666},"144":{"loc":{"start":{"line":670,"column":6},"end":{"line":672,"column":7}},"type":"if","locations":[{"start":{"line":670,"column":6},"end":{"line":672,"column":7}},{"start":{"line":670,"column":6},"end":{"line":672,"column":7}}],"line":670},"145":{"loc":{"start":{"line":682,"column":9},"end":{"line":788,"column":3}},"type":"if","locations":[{"start":{"line":682,"column":9},"end":{"line":788,"column":3}},{"start":{"line":682,"column":9},"end":{"line":788,"column":3}}],"line":682},"146":{"loc":{"start":{"line":688,"column":6},"end":{"line":690,"column":7}},"type":"if","locations":[{"start":{"line":688,"column":6},"end":{"line":690,"column":7}},{"start":{"line":688,"column":6},"end":{"line":690,"column":7}}],"line":688},"147":{"loc":{"start":{"line":692,"column":6},"end":{"line":694,"column":7}},"type":"if","locations":[{"start":{"line":692,"column":6},"end":{"line":694,"column":7}},{"start":{"line":692,"column":6},"end":{"line":694,"column":7}}],"line":692},"148":{"loc":{"start":{"line":692,"column":10},"end":{"line":692,"column":70}},"type":"binary-expr","locations":[{"start":{"line":692,"column":10},"end":{"line":692,"column":42}},{"start":{"line":692,"column":46},"end":{"line":692,"column":70}}],"line":692},"149":{"loc":{"start":{"line":696,"column":6},"end":{"line":698,"column":7}},"type":"if","locations":[{"start":{"line":696,"column":6},"end":{"line":698,"column":7}},{"start":{"line":696,"column":6},"end":{"line":698,"column":7}}],"line":696},"150":{"loc":{"start":{"line":696,"column":10},"end":{"line":696,"column":69}},"type":"binary-expr","locations":[{"start":{"line":696,"column":10},"end":{"line":696,"column":42}},{"start":{"line":696,"column":46},"end":{"line":696,"column":69}}],"line":696},"151":{"loc":{"start":{"line":703,"column":4},"end":{"line":705,"column":5}},"type":"if","locations":[{"start":{"line":703,"column":4},"end":{"line":705,"column":5}},{"start":{"line":703,"column":4},"end":{"line":705,"column":5}}],"line":703},"152":{"loc":{"start":{"line":707,"column":4},"end":{"line":715,"column":5}},"type":"if","locations":[{"start":{"line":707,"column":4},"end":{"line":715,"column":5}},{"start":{"line":707,"column":4},"end":{"line":715,"column":5}}],"line":707},"153":{"loc":{"start":{"line":707,"column":8},"end":{"line":707,"column":65}},"type":"binary-expr","locations":[{"start":{"line":707,"column":8},"end":{"line":707,"column":37}},{"start":{"line":707,"column":41},"end":{"line":707,"column":65}}],"line":707},"154":{"loc":{"start":{"line":708,"column":6},"end":{"line":710,"column":7}},"type":"if","locations":[{"start":{"line":708,"column":6},"end":{"line":710,"column":7}},{"start":{"line":708,"column":6},"end":{"line":710,"column":7}}],"line":708},"155":{"loc":{"start":{"line":712,"column":6},"end":{"line":714,"column":7}},"type":"if","locations":[{"start":{"line":712,"column":6},"end":{"line":714,"column":7}},{"start":{"line":712,"column":6},"end":{"line":714,"column":7}}],"line":712},"156":{"loc":{"start":{"line":717,"column":4},"end":{"line":725,"column":5}},"type":"if","locations":[{"start":{"line":717,"column":4},"end":{"line":725,"column":5}},{"start":{"line":717,"column":4},"end":{"line":725,"column":5}}],"line":717},"157":{"loc":{"start":{"line":717,"column":8},"end":{"line":717,"column":64}},"type":"binary-expr","locations":[{"start":{"line":717,"column":8},"end":{"line":717,"column":34}},{"start":{"line":717,"column":38},"end":{"line":717,"column":64}}],"line":717},"158":{"loc":{"start":{"line":718,"column":6},"end":{"line":724,"column":7}},"type":"if","locations":[{"start":{"line":718,"column":6},"end":{"line":724,"column":7}},{"start":{"line":718,"column":6},"end":{"line":724,"column":7}}],"line":718},"159":{"loc":{"start":{"line":727,"column":4},"end":{"line":740,"column":5}},"type":"if","locations":[{"start":{"line":727,"column":4},"end":{"line":740,"column":5}},{"start":{"line":727,"column":4},"end":{"line":740,"column":5}}],"line":727},"160":{"loc":{"start":{"line":727,"column":8},"end":{"line":727,"column":93}},"type":"binary-expr","locations":[{"start":{"line":727,"column":8},"end":{"line":727,"column":63}},{"start":{"line":727,"column":67},"end":{"line":727,"column":93}}],"line":727},"161":{"loc":{"start":{"line":734,"column":6},"end":{"line":736,"column":7}},"type":"if","locations":[{"start":{"line":734,"column":6},"end":{"line":736,"column":7}},{"start":{"line":734,"column":6},"end":{"line":736,"column":7}}],"line":734},"162":{"loc":{"start":{"line":742,"column":4},"end":{"line":755,"column":5}},"type":"if","locations":[{"start":{"line":742,"column":4},"end":{"line":755,"column":5}},{"start":{"line":742,"column":4},"end":{"line":755,"column":5}}],"line":742},"163":{"loc":{"start":{"line":742,"column":8},"end":{"line":742,"column":95}},"type":"binary-expr","locations":[{"start":{"line":742,"column":8},"end":{"line":742,"column":63}},{"start":{"line":742,"column":67},"end":{"line":742,"column":95}}],"line":742},"164":{"loc":{"start":{"line":746,"column":6},"end":{"line":748,"column":7}},"type":"if","locations":[{"start":{"line":746,"column":6},"end":{"line":748,"column":7}},{"start":{"line":746,"column":6},"end":{"line":748,"column":7}}],"line":746},"165":{"loc":{"start":{"line":757,"column":4},"end":{"line":770,"column":5}},"type":"if","locations":[{"start":{"line":757,"column":4},"end":{"line":770,"column":5}},{"start":{"line":757,"column":4},"end":{"line":770,"column":5}}],"line":757},"166":{"loc":{"start":{"line":757,"column":8},"end":{"line":757,"column":95}},"type":"binary-expr","locations":[{"start":{"line":757,"column":8},"end":{"line":757,"column":63}},{"start":{"line":757,"column":67},"end":{"line":757,"column":95}}],"line":757},"167":{"loc":{"start":{"line":761,"column":6},"end":{"line":763,"column":7}},"type":"if","locations":[{"start":{"line":761,"column":6},"end":{"line":763,"column":7}},{"start":{"line":761,"column":6},"end":{"line":763,"column":7}}],"line":761},"168":{"loc":{"start":{"line":772,"column":4},"end":{"line":787,"column":5}},"type":"if","locations":[{"start":{"line":772,"column":4},"end":{"line":787,"column":5}},{"start":{"line":772,"column":4},"end":{"line":787,"column":5}}],"line":772},"169":{"loc":{"start":{"line":772,"column":8},"end":{"line":772,"column":95}},"type":"binary-expr","locations":[{"start":{"line":772,"column":8},"end":{"line":772,"column":63}},{"start":{"line":772,"column":67},"end":{"line":772,"column":95}}],"line":772},"170":{"loc":{"start":{"line":776,"column":6},"end":{"line":778,"column":7}},"type":"if","locations":[{"start":{"line":776,"column":6},"end":{"line":778,"column":7}},{"start":{"line":776,"column":6},"end":{"line":778,"column":7}}],"line":776}},"s":{"0":1,"1":1,"2":1,"3":1,"4":0,"5":0,"6":0,"7":0,"8":0,"9":0,"10":0,"11":0,"12":0,"13":0,"14":0,"15":0,"16":0,"17":0,"18":1,"19":1,"20":2,"21":1,"22":7,"23":1,"24":2,"25":1,"26":3,"27":1,"28":2,"29":1,"30":1,"31":1,"32":1,"33":1,"34":1,"35":1,"36":1,"37":1,"38":1,"39":1,"40":1,"41":1,"42":0,"43":1,"44":4,"45":9,"46":3,"47":6,"48":0,"49":6,"50":1,"51":5,"52":1,"53":1,"54":1,"55":0,"56":0,"57":0,"58":0,"59":0,"60":0,"61":0,"62":0,"63":0,"64":0,"65":0,"66":0,"67":0,"68":0,"69":0,"70":0,"71":0,"72":0,"73":0,"74":0,"75":0,"76":0,"77":0,"78":0,"79":0,"80":0,"81":0,"82":0,"83":0,"84":0,"85":0,"86":0,"87":0,"88":0,"89":0,"90":0,"91":0,"92":0,"93":0,"94":0,"95":0,"96":0,"97":0,"98":0,"99":0,"100":0,"101":0,"102":0,"103":0,"104":0,"105":0,"106":0,"107":0,"108":0,"109":0,"110":0,"111":0,"112":0,"113":0,"114":0,"115":0,"116":0,"117":0,"118":0,"119":0,"120":0,"121":0,"122":0,"123":0,"124":0,"125":0,"126":0,"127":0,"128":0,"129":0,"130":0,"131":0,"132":0,"133":0,"134":0,"135":0,"136":0,"137":0,"138":0,"139":0,"140":0,"141":0,"142":0,"143":0,"144":0,"145":0,"146":0,"147":0,"148":0,"149":0,"150":0,"151":0,"152":0,"153":0,"154":0,"155":0,"156":0,"157":0,"158":0,"159":0,"160":0,"161":0,"162":0,"163":0,"164":0,"165":0,"166":0,"167":0,"168":0,"169":0,"170":0,"171":0,"172":0,"173":0,"174":0,"175":0,"176":0,"177":0,"178":0,"179":0,"180":0,"181":0,"182":0,"183":0,"184":0,"185":0,"186":0,"187":0,"188":0,"189":0,"190":0,"191":0,"192":0,"193":0,"194":0,"195":0,"196":0,"197":0,"198":0,"199":0,"200":0,"201":0,"202":0,"203":0,"204":0,"205":0,"206":0,"207":0,"208":0,"209":0,"210":0,"211":0,"212":0,"213":0,"214":0,"215":0,"216":0,"217":0,"218":0,"219":0,"220":0,"221":0,"222":0,"223":0,"224":0,"225":0,"226":0,"227":0,"228":0,"229":0,"230":0,"231":0,"232":0,"233":0,"234":0,"235":0,"236":0,"237":0,"238":0,"239":0,"240":0,"241":0,"242":0,"243":0,"244":0,"245":0,"246":0,"247":0,"248":0,"249":0,"250":0,"251":0,"252":0,"253":0,"254":0,"255":0,"256":0,"257":0,"258":0,"259":0,"260":0,"261":0,"262":0,"263":0,"264":0,"265":0,"266":0,"267":0,"268":0,"269":0,"270":0,"271":0,"272":0,"273":0,"274":0,"275":0,"276":0,"277":0,"278":0,"279":0,"280":0,"281":0,"282":0,"283":0,"284":0,"285":0,"286":0,"287":0,"288":0,"289":0,"290":0,"291":0,"292":0,"293":0,"294":0,"295":0,"296":0,"297":0,"298":0,"299":0,"300":0,"301":0,"302":0,"303":0,"304":0,"305":0,"306":0,"307":0,"308":0,"309":0,"310":0,"311":0,"312":0,"313":0,"314":0,"315":0,"316":0,"317":0,"318":0,"319":0,"320":0,"321":0,"322":0,"323":0,"324":0,"325":0,"326":0,"327":0,"328":0,"329":0,"330":0,"331":0,"332":0,"333":0,"334":0,"335":0,"336":0,"337":0,"338":0,"339":0,"340":0,"341":0,"342":0,"343":0,"344":0,"345":0,"346":0,"347":0,"348":0,"349":0,"350":0,"351":0,"352":0,"353":0,"354":0,"355":0,"356":0,"357":0,"358":0,"359":0,"360":0,"361":0,"362":0,"363":0,"364":0,"365":0,"366":0,"367":0,"368":0,"369":0,"370":0,"371":0,"372":0,"373":0,"374":0,"375":0,"376":0,"377":0,"378":0,"379":0,"380":0,"381":0,"382":0,"383":0,"384":0,"385":0,"386":0,"387":0,"388":0,"389":0,"390":0,"391":0,"392":0,"393":0,"394":0,"395":0,"396":1,"397":1},"f":{"0":1,"1":0,"2":0,"3":0,"4":0,"5":2,"6":7,"7":2,"8":3,"9":2,"10":1,"11":1,"12":1,"13":1,"14":0,"15":4,"16":9,"17":1,"18":0,"19":0,"20":0,"21":0,"22":0,"23":0,"24":0,"25":0,"26":0,"27":0,"28":0,"29":0,"30":0,"31":0},"b":{"0":[1,0],"1":[1,1],"2":[0,0],"3":[0,0],"4":[0,0],"5":[2,1],"6":[1,1],"7":[1,1],"8":[1,0],"9":[1,1],"10":[1,0],"11":[1,1],"12":[1,0],"13":[1,1],"14":[1,0],"15":[1,1],"16":[4,1],"17":[3,6],"18":[0,6],"19":[6,3],"20":[1,5],"21":[6,3],"22":[1,1],"23":[0,0],"24":[0,0],"25":[0,0],"26":[0,0,0],"27":[0,0],"28":[0,0],"29":[0,0],"30":[0,0],"31":[0,0],"32":[0,0],"33":[0,0],"34":[0,0],"35":[0,0],"36":[0,0],"37":[0,0],"38":[0,0],"39":[0,0],"40":[0,0],"41":[0,0],"42":[0,0],"43":[0,0],"44":[0,0],"45":[0,0],"46":[0,0],"47":[0,0],"48":[0,0],"49":[0,0],"50":[0,0],"51":[0,0],"52":[0,0,0],"53":[0,0],"54":[0,0],"55":[0,0],"56":[0,0],"57":[0,0],"58":[0,0],"59":[0,0],"60":[0,0],"61":[0,0],"62":[0,0],"63":[0,0],"64":[0,0],"65":[0,0],"66":[0,0],"67":[0,0],"68":[0,0],"69":[0,0],"70":[0,0],"71":[0,0],"72":[0,0],"73":[0,0],"74":[0,0,0],"75":[0,0],"76":[0,0],"77":[0,0],"78":[0,0],"79":[0,0],"80":[0,0],"81":[0,0],"82":[0,0],"83":[0,0],"84":[0,0],"85":[0,0],"86":[0,0],"87":[0,0],"88":[0,0],"89":[0,0],"90":[0,0],"91":[0,0],"92":[0,0],"93":[0,0],"94":[0,0],"95":[0,0],"96":[0,0],"97":[0,0],"98":[0,0],"99":[0,0],"100":[0,0],"101":[0,0],"102":[0,0],"103":[0,0],"104":[0,0],"105":[0,0],"106":[0,0],"107":[0,0],"108":[0,0],"109":[0,0],"110":[0,0],"111":[0,0],"112":[0,0],"113":[0,0],"114":[0,0],"115":[0,0],"116":[0,0],"117":[0,0],"118":[0,0],"119":[0,0],"120":[0,0],"121":[0,0],"122":[0,0],"123":[0,0],"124":[0,0],"125":[0,0],"126":[0,0],"127":[0,0],"128":[0,0],"129":[0,0],"130":[0,0],"131":[0,0],"132":[0,0],"133":[0,0],"134":[0,0],"135":[0,0],"136":[0,0],"137":[0,0,0],"138":[0,0],"139":[0,0],"140":[0,0,0],"141":[0,0],"142":[0,0],"143":[0,0,0],"144":[0,0],"145":[0,0],"146":[0,0],"147":[0,0],"148":[0,0],"149":[0,0],"150":[0,0],"151":[0,0],"152":[0,0],"153":[0,0],"154":[0,0],"155":[0,0],"156":[0,0],"157":[0,0],"158":[0,0],"159":[0,0],"160":[0,0],"161":[0,0],"162":[0,0],"163":[0,0],"164":[0,0],"165":[0,0],"166":[0,0],"167":[0,0],"168":[0,0],"169":[0,0],"170":[0,0]},"_coverageSchema":"43e27e138ebf9cfc5966b082cf9a028302ed4184","hash":"8a2cbdccb9c7a6fc4dda7c7e94adb0107ec18e09","contentHash":"11c20707b7aee31a12f6bd8d24f92a33b6ea41292b898f738eb64be99bff790c"}}